<?xml version="1.0" encoding="UTF-8" standalone="yes"?>
<node is-file="false">
    <name>/</name>
    <children>
        <child is-file="true">
            <name>file-776194140.xml</name>
        </child>
        <child is-file="false">
            <name>dir-880176375</name>
            <children>
                <child is-file="true">
                    <name>file-1073842118.java</name>
                </child>
                <child is-file="false">
                    <name>dir-2145307015</name>
                    <children>
                        <child is-file="true">
                            <name>file-1498940214.xhtml</name>
                        </child>
                        <child is-file="false">
                            <name>dir-974467276</name>
                            <children>
                                <child is-file="true">
                                    <name>file-847675734.xhtml</name>
                                </child>
                            </children>
                        </child>
                        <child is-file="true">
                            <name>file-1293807724.java</name>
                        </child>
                        <child is-file="false">
                            <name>dir-1588791577</name>
                            <children>
                                <child is-file="true">
                                    <name>file-1272239243.txt</name>
                                </child>
                                <child is-file="true">
                                    <name>file-1861587310.txt</name>
                                </child>
                                <child is-file="true">
                                    <name>file-780987816.java</name>
                                </child>
                                <child is-file="true">
                                    <name>file-50202655.xml</name>
                                </child>
                                <child is-file="true">
                                    <name>file-1498565329.txt</name>
                                </child>
                                <child is-file="true">
                                    <name>file-1071300276.xhtml</name>
                                </child>
                            </children>
                        </child>
                        <child is-file="false">
                            <name>dir-1176536052</name>
                            <children>
                                <child is-file="true">
                                    <name>file-1102113691.java</name>
                                </child>
                                <child is-file="true">
                                    <name>file-1541715129.xhtml</name>
                                </child>
                                <child is-file="true">
                                    <name>file-602030652.class</name>
                                </child>
                                <child is-file="true">
                                    <name>file-384644655.xhtml</name>
                                </child>
                                <child is-file="true">
                                    <name>file-562738553.xml</name>
                                </child>
                                <child is-file="true">
                                    <name>file-865354216.xml</name>
                                </child>
                                <child is-file="true">
                                    <name>file-276710257.class</name>
                                </child>
                                <child is-file="true">
                                    <name>file-813688362.xml</name>
                                </child>
                            </children>
                        </child>
                        <child is-file="false">
                            <name>dir-504198048</name>
                            <children>
                                <child is-file="true">
                                    <name>file-272050212.txt</name>
                                </child>
                                <child is-file="true">
                                    <name>file-356002749.xhtml</name>
                                </child>
                                <child is-file="true">
                                    <name>file-1770408227.class</name>
                                </child>
                                <child is-file="true">
                                    <name>file-1675551475.class</name>
                                </child>
                                <child is-file="true">
                                    <name>file-261385812.xhtml</name>
                                </child>
                                <child is-file="true">
                                    <name>file-56043733.java</name>
                                </child>
                            </children>
                        </child>
                        <child is-file="false">
                            <name>dir-1356497958</name>
                            <children>
                                <child is-file="true">
                                    <name>file-1956917900.xhtml</name>
                                </child>
                                <child is-file="true">
                                    <name>file-1766855336.class</name>
                                </child>
                                <child is-file="true">
                                    <name>file-897920233.class</name>
                                </child>
                                <child is-file="true">
                                    <name>file-1291388831.xhtml</name>
                                </child>
                                <child is-file="true">
                                    <name>file-1553048087.xhtml</name>
                                </child>
                                <child is-file="true">
                                    <name>file-1865496545.class</name>
                                </child>
                                <child is-file="true">
                                    <name>file-1638188766.xhtml</name>
                                </child>
                            </children>
                        </child>
                        <child is-file="false">
                            <name>dir-308274000</name>
                            <children>
                                <child is-file="true">
                                    <name>file-1387197449.xml</name>
                                </child>
                                <child is-file="true">
                                    <name>file-1475832426.xml</name>
                                </child>
                                <child is-file="true">
                                    <name>file-1451257802.txt</name>
                                </child>
                                <child is-file="true">
                                    <name>file-79425758.xml</name>
                                </child>
                                <child is-file="true">
                                    <name>file-515093903.txt</name>
                                </child>
                                <child is-file="true">
                                    <name>file-1501125644.java</name>
                                </child>
                            </children>
                        </child>
                        <child is-file="true">
                            <name>file-678462589.txt</name>
                        </child>
                        <child is-file="true">
                            <name>file-389805366.xhtml</name>
                        </child>
                    </children>
                </child>
                <child is-file="false">
                    <name>dir-312016430</name>
                    <children>
                        <child is-file="false">
                            <name>dir-1200550055</name>
                            <children>
                                <child is-file="true">
                                    <name>file-949664476.txt</name>
                                </child>
                                <child is-file="true">
                                    <name>file-1384807337.java</name>
                                </child>
                                <child is-file="true">
                                    <name>file-1395861725.java</name>
                                </child>
                                <child is-file="true">
                                    <name>file-1898404906.java</name>
                                </child>
                                <child is-file="true">
                                    <name>file-1290097483.xml</name>
                                </child>
                            </children>
                        </child>
                        <child is-file="true">
                            <name>file-35674614.xml</name>
                        </child>
                        <child is-file="true">
                            <name>file-154504962.xhtml</name>
                        </child>
                        <child is-file="false">
                            <name>dir-2093275577</name>
                            <children>
                                <child is-file="true">
                                    <name>file-493578351.xml</name>
                                </child>
                                <child is-file="true">
                                    <name>file-1861271873.xhtml</name>
                                </child>
                                <child is-file="true">
                                    <name>file-463700586.txt</name>
                                </child>
                                <child is-file="true">
                                    <name>file-1984634952.java</name>
                                </child>
                                <child is-file="true">
                                    <name>file-1246227947.xml</name>
                                </child>
                                <child is-file="true">
                                    <name>file-240057423.java</name>
                                </child>
                            </children>
                        </child>
                        <child is-file="true">
                            <name>file-1620642508.xhtml</name>
                        </child>
                        <child is-file="true">
                            <name>file-386429821.xhtml</name>
                        </child>
                        <child is-file="true">
                            <name>file-1581648112.txt</name>
                        </child>
                        <child is-file="false">
                            <name>dir-66936813</name>
                            <children>
                                <child is-file="true">
                                    <name>file-320611500.java</name>
                                </child>
                                <child is-file="true">
                                    <name>file-1826245439.xhtml</name>
                                </child>
                                <child is-file="true">
                                    <name>file-816923197.java</name>
                                </child>
                            </children>
                        </child>
                        <child is-file="false">
                            <name>dir-2078359822</name>
                            <children>
                                <child is-file="true">
                                    <name>file-556776557.java</name>
                                </child>
                                <child is-file="true">
                                    <name>file-1168545932.txt</name>
                                </child>
                                <child is-file="true">
                                    <name>file-225587746.txt</name>
                                </child>
                                <child is-file="true">
                                    <name>file-2053799464.xhtml</name>
                                </child>
                            </children>
                        </child>
                        <child is-file="false">
                            <name>dir-1006236630</name>
                            <children>
                                <child is-file="true">
                                    <name>file-1295558669.txt</name>
                                </child>
                                <child is-file="true">
                                    <name>file-1242533437.txt</name>
                                </child>
                                <child is-file="true">
                                    <name>file-2027321280.java</name>
                                </child>
                                <child is-file="true">
                                    <name>file-1539475524.xml</name>
                                </child>
                                <child is-file="true">
                                    <name>file-1903759250.xhtml</name>
                                </child>
                                <child is-file="true">
                                    <name>file-1848589260.class</name>
                                </child>
                            </children>
                        </child>
                    </children>
                </child>
                <child is-file="true">
                    <name>file-694732612.xml</name>
                </child>
                <child is-file="true">
                    <name>file-1287113345.java</name>
                </child>
                <child is-file="true">
                    <name>file-252893255.class</name>
                </child>
                <child is-file="false">
                    <name>dir-1854031487</name>
                    <children>
                        <child is-file="false">
                            <name>dir-827571814</name>
                            <children>
                                <child is-file="true">
                                    <name>file-6569352.class</name>
                                </child>
                                <child is-file="true">
                                    <name>file-2099208332.class</name>
                                </child>
                                <child is-file="true">
                                    <name>file-1624943131.class</name>
                                </child>
                                <child is-file="true">
                                    <name>file-927966484.xml</name>
                                </child>
                            </children>
                        </child>
                        <child is-file="true">
                            <name>file-2014294784.xml</name>
                        </child>
                        <child is-file="false">
                            <name>dir-1979931706</name>
                            <children>
                                <child is-file="true">
                                    <name>file-2060502841.class</name>
                                </child>
                                <child is-file="true">
                                    <name>file-1025946925.txt</name>
                                </child>
                                <child is-file="true">
                                    <name>file-1797922604.java</name>
                                </child>
                                <child is-file="true">
                                    <name>file-26812123.xml</name>
                                </child>
                                <child is-file="true">
                                    <name>file-1179185330.xml</name>
                                </child>
                                <child is-file="true">
                                    <name>file-1933804694.java</name>
                                </child>
                            </children>
                        </child>
                        <child is-file="false">
                            <name>dir-201125061</name>
                            <children>
                                <child is-file="true">
                                    <name>file-1952868540.java</name>
                                </child>
                                <child is-file="true">
                                    <name>file-896041766.txt</name>
                                </child>
                                <child is-file="true">
                                    <name>file-998296758.java</name>
                                </child>
                                <child is-file="true">
                                    <name>file-129818098.xml</name>
                                </child>
                            </children>
                        </child>
                        <child is-file="false">
                            <name>dir-1103651822</name>
                            <children>
                                <child is-file="true">
                                    <name>file-982756798.class</name>
                                </child>
                                <child is-file="true">
                                    <name>file-300966291.xhtml</name>
                                </child>
                                <child is-file="true">
                                    <name>file-1723071678.class</name>
                                </child>
                                <child is-file="true">
                                    <name>file-2082401178.txt</name>
                                </child>
                                <child is-file="true">
                                    <name>file-480821572.java</name>
                                </child>
                                <child is-file="true">
                                    <name>file-1392468787.java</name>
                                </child>
                                <child is-file="true">
                                    <name>file-1259047055.class</name>
                                </child>
                                <child is-file="true">
                                    <name>file-1862824189.xml</name>
                                </child>
                            </children>
                        </child>
                        <child is-file="false">
                            <name>dir-80887541</name>
                            <children>
                                <child is-file="true">
                                    <name>file-2124016363.class</name>
                                </child>
                                <child is-file="true">
                                    <name>file-1242052431.xml</name>
                                </child>
                                <child is-file="true">
                                    <name>file-678179086.java</name>
                                </child>
                            </children>
                        </child>
                        <child is-file="true">
                            <name>file-532779416.java</name>
                        </child>
                        <child is-file="false">
                            <name>dir-2066190864</name>
                            <children>
                                <child is-file="true">
                                    <name>file-1467816887.txt</name>
                                </child>
                                <child is-file="true">
                                    <name>file-1730922069.txt</name>
                                </child>
                                <child is-file="true">
                                    <name>file-1849423979.class</name>
                                </child>
                                <child is-file="true">
                                    <name>file-1274408072.txt</name>
                                </child>
                                <child is-file="true">
                                    <name>file-808844195.xml</name>
                                </child>
                                <child is-file="true">
                                    <name>file-1273739182.xml</name>
                                </child>
                                <child is-file="true">
                                    <name>file-2073842953.xml</name>
                                </child>
                                <child is-file="true">
                                    <name>file-230067213.xml</name>
                                </child>
                            </children>
                        </child>
                        <child is-file="false">
                            <name>dir-1093470183</name>
                            <children>
                                <child is-file="true">
                                    <name>file-2011657799.txt</name>
                                </child>
                                <child is-file="true">
                                    <name>file-1151081169.txt</name>
                                </child>
                                <child is-file="true">
                                    <name>file-28073388.class</name>
                                </child>
                                <child is-file="true">
                                    <name>file-560165334.xhtml</name>
                                </child>
                                <child is-file="true">
                                    <name>file-485974735.java</name>
                                </child>
                                <child is-file="true">
                                    <name>file-981941430.class</name>
                                </child>
                            </children>
                        </child>
                        <child is-file="true">
                            <name>file-1249939006.xhtml</name>
                        </child>
                    </children>
                </child>
                <child is-file="true">
                    <name>file-991906788.txt</name>
                </child>
                <child is-file="true">
                    <name>file-57138518.txt</name>
                </child>
                <child is-file="true">
                    <name>file-2025943517.class</name>
                </child>
            </children>
        </child>
        <child is-file="false">
            <name>dir-2096609034</name>
            <children>
                <child is-file="false">
                    <name>dir-876155196</name>
                    <children>
                        <child is-file="true">
                            <name>file-1192777699.txt</name>
                        </child>
                        <child is-file="false">
                            <name>dir-1495872834</name>
                            <children>
                                <child is-file="true">
                                    <name>file-1393655293.xml</name>
                                </child>
                                <child is-file="true">
                                    <name>file-792131946.java</name>
                                </child>
                                <child is-file="true">
                                    <name>file-1672000995.class</name>
                                </child>
                                <child is-file="true">
                                    <name>file-1984236872.xhtml</name>
                                </child>
                                <child is-file="true">
                                    <name>file-1818371602.java</name>
                                </child>
                                <child is-file="true">
                                    <name>file-465493428.class</name>
                                </child>
                            </children>
                        </child>
                        <child is-file="false">
                            <name>dir-1139479912</name>
                            <children>
                                <child is-file="true">
                                    <name>file-317869722.xml</name>
                                </child>
                                <child is-file="true">
                                    <name>file-879781035.xml</name>
                                </child>
                                <child is-file="true">
                                    <name>file-2139174148.xml</name>
                                </child>
                                <child is-file="true">
                                    <name>file-1673949947.class</name>
                                </child>
                                <child is-file="true">
                                    <name>file-526072801.java</name>
                                </child>
                                <child is-file="true">
                                    <name>file-1081525267.class</name>
                                </child>
                            </children>
                        </child>
                        <child is-file="false">
                            <name>dir-462966847</name>
                            <children>
                                <child is-file="true">
                                    <name>file-84091852.java</name>
                                </child>
                                <child is-file="true">
                                    <name>file-364393359.xhtml</name>
                                </child>
                                <child is-file="true">
                                    <name>file-6754271.java</name>
                                </child>
                                <child is-file="true">
                                    <name>file-1259008663.xhtml</name>
                                </child>
                                <child is-file="true">
                                    <name>file-1436632850.txt</name>
                                </child>
                            </children>
                        </child>
                        <child is-file="true">
                            <name>file-1746559804.xhtml</name>
                        </child>
                        <child is-file="false">
                            <name>dir-728376834</name>
                            <children>
                                <child is-file="true">
                                    <name>file-829021819.class</name>
                                </child>
                                <child is-file="true">
                                    <name>file-2040850933.xml</name>
                                </child>
                                <child is-file="true">
                                    <name>file-996836989.class</name>
                                </child>
                                <child is-file="true">
                                    <name>file-2073162877.xml</name>
                                </child>
                                <child is-file="true">
                                    <name>file-840598390.xhtml</name>
                                </child>
                                <child is-file="true">
                                    <name>file-2120197471.txt</name>
                                </child>
                            </children>
                        </child>
                        <child is-file="false">
                            <name>dir-1354488423</name>
                            <children>
                                <child is-file="true">
                                    <name>file-653121966.txt</name>
                                </child>
                                <child is-file="true">
                                    <name>file-2122946927.xml</name>
                                </child>
                                <child is-file="true">
                                    <name>file-1502560915.xhtml</name>
                                </child>
                                <child is-file="true">
                                    <name>file-794730988.txt</name>
                                </child>
                                <child is-file="true">
                                    <name>file-1866812627.xml</name>
                                </child>
                                <child is-file="true">
                                    <name>file-1280001362.xml</name>
                                </child>
                                <child is-file="true">
                                    <name>file-51995006.xhtml</name>
                                </child>
                                <child is-file="true">
                                    <name>file-1157862116.txt</name>
                                </child>
                            </children>
                        </child>
                        <child is-file="false">
                            <name>dir-686193434</name>
                            <children>
                                <child is-file="true">
                                    <name>file-1652543572.xhtml</name>
                                </child>
                                <child is-file="true">
                                    <name>file-1636020382.xml</name>
                                </child>
                                <child is-file="true">
                                    <name>file-2013694443.txt</name>
                                </child>
                                <child is-file="true">
                                    <name>file-892406149.xml</name>
                                </child>
                                <child is-file="true">
                                    <name>file-620322628.java</name>
                                </child>
                                <child is-file="true">
                                    <name>file-775189074.java</name>
                                </child>
                            </children>
                        </child>
                        <child is-file="false">
                            <name>dir-860680706</name>
                            <children>
                                <child is-file="true">
                                    <name>file-998622716.txt</name>
                                </child>
                                <child is-file="true">
                                    <name>file-469211668.java</name>
                                </child>
                                <child is-file="true">
                                    <name>file-1235003013.xml</name>
                                </child>
                                <child is-file="true">
                                    <name>file-1145184726.txt</name>
                                </child>
                            </children>
                        </child>
                        <child is-file="false">
                            <name>dir-160590642</name>
                            <children>
                                <child is-file="true">
                                    <name>file-405017929.xhtml</name>
                                </child>
                                <child is-file="true">
                                    <name>file-88415906.java</name>
                                </child>
                                <child is-file="true">
                                    <name>file-214426168.xhtml</name>
                                </child>
                                <child is-file="true">
                                    <name>file-67376180.java</name>
                                </child>
                                <child is-file="true">
                                    <name>file-1958669891.txt</name>
                                </child>
                                <child is-file="true">
                                    <name>file-25419003.xml</name>
                                </child>
                            </children>
                        </child>
                    </children>
                </child>
                <child is-file="false">
                    <name>dir-1394163958</name>
                    <children>
                        <child is-file="false">
                            <name>dir-1600621714</name>
                            <children>
                                <child is-file="true">
                                    <name>file-2017268059.java</name>
                                </child>
                                <child is-file="true">
                                    <name>file-1845780243.java</name>
                                </child>
                                <child is-file="true">
                                    <name>file-697799952.xhtml</name>
                                </child>
                                <child is-file="true">
                                    <name>file-210919231.class</name>
                                </child>
                                <child is-file="true">
                                    <name>file-743615110.java</name>
                                </child>
                                <child is-file="true">
                                    <name>file-676050816.xhtml</name>
                                </child>
                            </children>
                        </child>
                        <child is-file="false">
                            <name>dir-1387107185</name>
                            <children>
                                <child is-file="true">
                                    <name>file-1612553560.class</name>
                                </child>
                                <child is-file="true">
                                    <name>file-1885427669.xml</name>
                                </child>
                                <child is-file="true">
                                    <name>file-1758837525.class</name>
                                </child>
                                <child is-file="true">
                                    <name>file-686173047.txt</name>
                                </child>
                            </children>
                        </child>
                        <child is-file="true">
                            <name>file-1978845812.xhtml</name>
                        </child>
                        <child is-file="true">
                            <name>file-1385594486.class</name>
                        </child>
                        <child is-file="false">
                            <name>dir-960250026</name>
                            <children>
                                <child is-file="true">
                                    <name>file-1791829555.class</name>
                                </child>
                                <child is-file="true">
                                    <name>file-842225901.xhtml</name>
                                </child>
                                <child is-file="true">
                                    <name>file-1863184599.class</name>
                                </child>
                                <child is-file="true">
                                    <name>file-987241101.xhtml</name>
                                </child>
                                <child is-file="true">
                                    <name>file-1034181224.java</name>
                                </child>
                                <child is-file="true">
                                    <name>file-1033115493.xhtml</name>
                                </child>
                            </children>
                        </child>
                        <child is-file="false">
                            <name>dir-1997164768</name>
                            <children>
                                <child is-file="true">
                                    <name>file-1894261883.java</name>
                                </child>
                                <child is-file="true">
                                    <name>file-1346336554.txt</name>
                                </child>
                                <child is-file="true">
                                    <name>file-296726150.class</name>
                                </child>
                                <child is-file="true">
                                    <name>file-827104281.xhtml</name>
                                </child>
                                <child is-file="true">
                                    <name>file-1163177068.xml</name>
                                </child>
                            </children>
                        </child>
                        <child is-file="true">
                            <name>file-1799066550.java</name>
                        </child>
                        <child is-file="true">
                            <name>file-216959426.class</name>
                        </child>
                        <child is-file="false">
                            <name>dir-830740893</name>
                            <children>
                                <child is-file="true">
                                    <name>file-1771468433.xml</name>
                                </child>
                                <child is-file="true">
                                    <name>file-565594271.txt</name>
                                </child>
                                <child is-file="true">
                                    <name>file-412166573.class</name>
                                </child>
                                <child is-file="true">
                                    <name>file-328622542.xhtml</name>
                                </child>
                                <child is-file="true">
                                    <name>file-1032851865.xhtml</name>
                                </child>
                            </children>
                        </child>
                        <child is-file="true">
                            <name>file-1195583425.xhtml</name>
                        </child>
                    </children>
                </child>
                <child is-file="false">
                    <name>dir-1058183838</name>
                    <children>
                        <child is-file="false">
                            <name>dir-2087555413</name>
                            <children>
                                <child is-file="true">
                                    <name>file-1501530792.class</name>
                                </child>
                                <child is-file="true">
                                    <name>file-1269012545.class</name>
                                </child>
                                <child is-file="true">
                                    <name>file-1238961359.xhtml</name>
                                </child>
                                <child is-file="true">
                                    <name>file-1648998797.class</name>
                                </child>
                            </children>
                        </child>
                        <child is-file="true">
                            <name>file-1813244385.xml</name>
                        </child>
                        <child is-file="true">
                            <name>file-1554354152.java</name>
                        </child>
                        <child is-file="true">
                            <name>file-1583660430.java</name>
                        </child>
                        <child is-file="false">
                            <name>dir-572291221</name>
                            <children>
                                <child is-file="true">
                                    <name>file-270333949.xhtml</name>
                                </child>
                                <child is-file="true">
                                    <name>file-701680128.java</name>
                                </child>
                                <child is-file="true">
                                    <name>file-1872098072.java</name>
                                </child>
                                <child is-file="true">
                                    <name>file-10623854.xhtml</name>
                                </child>
                                <child is-file="true">
                                    <name>file-1382781426.txt</name>
                                </child>
                                <child is-file="true">
                                    <name>file-448567584.txt</name>
                                </child>
                                <child is-file="true">
                                    <name>file-1784989481.xhtml</name>
                                </child>
                            </children>
                        </child>
                        <child is-file="true">
                            <name>file-343042968.class</name>
                        </child>
                        <child is-file="true">
                            <name>file-918090199.xml</name>
                        </child>
                        <child is-file="false">
                            <name>dir-2077907588</name>
                            <children>
                                <child is-file="true">
                                    <name>file-2042360376.xml</name>
                                </child>
                                <child is-file="true">
                                    <name>file-1041037749.xhtml</name>
                                </child>
                                <child is-file="true">
                                    <name>file-1173918924.xhtml</name>
                                </child>
                                <child is-file="true">
                                    <name>file-1822940994.java</name>
                                </child>
                                <child is-file="true">
                                    <name>file-738322758.class</name>
                                </child>
                                <child is-file="true">
                                    <name>file-112188006.xml</name>
                                </child>
                                <child is-file="true">
                                    <name>file-1798864707.xhtml</name>
                                </child>
                            </children>
                        </child>
                        <child is-file="true">
                            <name>file-481310763.txt</name>
                        </child>
                        <child is-file="false">
                            <name>dir-1909338533</name>
                            <children>
                                <child is-file="true">
                                    <name>file-522615260.xml</name>
                                </child>
                                <child is-file="true">
                                    <name>file-1966133363.xhtml</name>
                                </child>
                                <child is-file="true">
                                    <name>file-1766708990.txt</name>
                                </child>
                                <child is-file="true">
                                    <name>file-688757301.txt</name>
                                </child>
                                <child is-file="true">
                                    <name>file-1469036357.java</name>
                                </child>
                                <child is-file="true">
                                    <name>file-1247297317.txt</name>
                                </child>
                            </children>
                        </child>
                    </children>
                </child>
                <child is-file="true">
                    <name>file-1178485062.java</name>
                </child>
                <child is-file="false">
                    <name>dir-446878822</name>
                    <children>
                        <child is-file="true">
                            <name>file-1231532270.xml</name>
                        </child>
                        <child is-file="true">
                            <name>file-1154441230.xhtml</name>
                        </child>
                        <child is-file="true">
                            <name>file-242463925.xml</name>
                        </child>
                        <child is-file="true">
                            <name>file-217175333.class</name>
                        </child>
                        <child is-file="true">
                            <name>file-1745811823.java</name>
                        </child>
                        <child is-file="true">
                            <name>file-1776299993.class</name>
                        </child>
                        <child is-file="false">
                            <name>dir-1485415111</name>
                            <children>
                                <child is-file="true">
                                    <name>file-1750076089.java</name>
                                </child>
                                <child is-file="true">
                                    <name>file-954970780.java</name>
                                </child>
                                <child is-file="true">
                                    <name>file-1792755256.xhtml</name>
                                </child>
                                <child is-file="true">
                                    <name>file-3804115.java</name>
                                </child>
                                <child is-file="true">
                                    <name>file-812757382.txt</name>
                                </child>
                                <child is-file="true">
                                    <name>file-854055369.java</name>
                                </child>
                            </children>
                        </child>
                        <child is-file="false">
                            <name>dir-887087896</name>
                            <children>
                                <child is-file="true">
                                    <name>file-296756491.class</name>
                                </child>
                                <child is-file="true">
                                    <name>file-1997453860.xhtml</name>
                                </child>
                                <child is-file="true">
                                    <name>file-305196788.class</name>
                                </child>
                                <child is-file="true">
                                    <name>file-561440747.txt</name>
                                </child>
                                <child is-file="true">
                                    <name>file-495351755.class</name>
                                </child>
                                <child is-file="true">
                                    <name>file-1858717472.java</name>
                                </child>
                            </children>
                        </child>
                        <child is-file="true">
                            <name>file-213136954.txt</name>
                        </child>
                        <child is-file="false">
                            <name>dir-584889945</name>
                            <children>
                                <child is-file="true">
                                    <name>file-1917351403.class</name>
                                </child>
                            </children>
                        </child>
                    </children>
                </child>
                <child is-file="true">
                    <name>file-303070868.xml</name>
                </child>
                <child is-file="true">
                    <name>file-252735177.class</name>
                </child>
                <child is-file="false">
                    <name>dir-772906113</name>
                    <children>
                        <child is-file="true">
                            <name>file-107609742.xhtml</name>
                        </child>
                        <child is-file="false">
                            <name>dir-2141825573</name>
                            <children>
                                <child is-file="true">
                                    <name>file-148717343.java</name>
                                </child>
                                <child is-file="true">
                                    <name>file-1222152939.java</name>
                                </child>
                                <child is-file="true">
                                    <name>file-263507891.java</name>
                                </child>
                            </children>
                        </child>
                        <child is-file="false">
                            <name>dir-668533023</name>
                            <children>
                                <child is-file="true">
                                    <name>file-74072070.txt</name>
                                </child>
                                <child is-file="true">
                                    <name>file-2109731638.class</name>
                                </child>
                                <child is-file="true">
                                    <name>file-909792451.xml</name>
                                </child>
                                <child is-file="true">
                                    <name>file-247810824.java</name>
                                </child>
                                <child is-file="true">
                                    <name>file-2052957804.txt</name>
                                </child>
                            </children>
                        </child>
                        <child is-file="true">
                            <name>file-1708207187.class</name>
                        </child>
                        <child is-file="false">
                            <name>dir-305586543</name>
                            <children>
                                <child is-file="true">
                                    <name>file-311857906.java</name>
                                </child>
                                <child is-file="true">
                                    <name>file-451775256.java</name>
                                </child>
                                <child is-file="true">
                                    <name>file-280274897.java</name>
                                </child>
                                <child is-file="true">
                                    <name>file-150579366.xml</name>
                                </child>
                                <child is-file="true">
                                    <name>file-1800376245.class</name>
                                </child>
                            </children>
                        </child>
                        <child is-file="false">
                            <name>dir-1837761108</name>
                            <children>
                                <child is-file="true">
                                    <name>file-1456122863.txt</name>
                                </child>
                                <child is-file="true">
                                    <name>file-491671491.class</name>
                                </child>
                                <child is-file="true">
                                    <name>file-1310413403.xhtml</name>
                                </child>
                                <child is-file="true">
                                    <name>file-176356346.java</name>
                                </child>
                                <child is-file="true">
                                    <name>file-1049336460.class</name>
                                </child>
                            </children>
                        </child>
                        <child is-file="true">
                            <name>file-1283844216.class</name>
                        </child>
                        <child is-file="false">
                            <name>dir-1156996281</name>
                            <children>
                                <child is-file="true">
                                    <name>file-715024822.class</name>
                                </child>
                                <child is-file="true">
                                    <name>file-1429067641.xml</name>
                                </child>
                                <child is-file="true">
                                    <name>file-1941039435.java</name>
                                </child>
                                <child is-file="true">
                                    <name>file-13050894.txt</name>
                                </child>
                            </children>
                        </child>
                        <child is-file="false">
                            <name>dir-2133968210</name>
                            <children>
                                <child is-file="true">
                                    <name>file-1873929419.xhtml</name>
                                </child>
                                <child is-file="true">
                                    <name>file-564485245.class</name>
                                </child>
                                <child is-file="true">
                                    <name>file-742125552.java</name>
                                </child>
                                <child is-file="true">
                                    <name>file-1749257171.xhtml</name>
                                </child>
                                <child is-file="true">
                                    <name>file-416926073.txt</name>
                                </child>
                                <child is-file="true">
                                    <name>file-2120865361.xhtml</name>
                                </child>
                                <child is-file="true">
                                    <name>file-32934260.txt</name>
                                </child>
                            </children>
                        </child>
                        <child is-file="true">
                            <name>file-539383839.class</name>
                        </child>
                    </children>
                </child>
                <child is-file="false">
                    <name>dir-87416341</name>
                    <children>
                        <child is-file="false">
                            <name>dir-430502291</name>
                            <children>
                                <child is-file="true">
                                    <name>file-1400702593.xhtml</name>
                                </child>
                                <child is-file="true">
                                    <name>file-353311365.xml</name>
                                </child>
                                <child is-file="true">
                                    <name>file-1821338259.txt</name>
                                </child>
                                <child is-file="true">
                                    <name>file-1095067847.xml</name>
                                </child>
                                <child is-file="true">
                                    <name>file-1568753586.txt</name>
                                </child>
                                <child is-file="true">
                                    <name>file-1916322610.xhtml</name>
                                </child>
                            </children>
                        </child>
                        <child is-file="true">
                            <name>file-887350381.java</name>
                        </child>
                        <child is-file="true">
                            <name>file-1986790316.java</name>
                        </child>
                        <child is-file="false">
                            <name>dir-851207582</name>
                            <children>
                                <child is-file="true">
                                    <name>file-1691620592.java</name>
                                </child>
                                <child is-file="true">
                                    <name>file-1237321717.txt</name>
                                </child>
                                <child is-file="true">
                                    <name>file-2060175562.xhtml</name>
                                </child>
                                <child is-file="true">
                                    <name>file-235648657.class</name>
                                </child>
                                <child is-file="true">
                                    <name>file-477691926.java</name>
                                </child>
                                <child is-file="true">
                                    <name>file-1394231315.xhtml</name>
                                </child>
                                <child is-file="true">
                                    <name>file-426931695.class</name>
                                </child>
                            </children>
                        </child>
                        <child is-file="false">
                            <name>dir-958947568</name>
                            <children>
                                <child is-file="true">
                                    <name>file-545008009.java</name>
                                </child>
                                <child is-file="true">
                                    <name>file-893659073.xhtml</name>
                                </child>
                                <child is-file="true">
                                    <name>file-1946580015.txt</name>
                                </child>
                                <child is-file="true">
                                    <name>file-1749684761.class</name>
                                </child>
                                <child is-file="true">
                                    <name>file-1411689586.txt</name>
                                </child>
                                <child is-file="true">
                                    <name>file-706645920.xhtml</name>
                                </child>
                            </children>
                        </child>
                        <child is-file="true">
                            <name>file-2077756958.class</name>
                        </child>
                        <child is-file="true">
                            <name>file-805971595.java</name>
                        </child>
                        <child is-file="true">
                            <name>file-1424250818.txt</name>
                        </child>
                        <child is-file="true">
                            <name>file-543659489.xhtml</name>
                        </child>
                        <child is-file="false">
                            <name>dir-1730205436</name>
                            <children>
                                <child is-file="true">
                                    <name>file-1311457230.java</name>
                                </child>
                                <child is-file="true">
                                    <name>file-1704219454.java</name>
                                </child>
                                <child is-file="true">
                                    <name>file-275922472.xml</name>
                                </child>
                                <child is-file="true">
                                    <name>file-1599447257.xhtml</name>
                                </child>
                                <child is-file="true">
                                    <name>file-1035586441.class</name>
                                </child>
                                <child is-file="true">
                                    <name>file-47062029.java</name>
                                </child>
                                <child is-file="true">
                                    <name>file-488552896.xml</name>
                                </child>
                                <child is-file="true">
                                    <name>file-210588653.xml</name>
                                </child>
                                <child is-file="true">
                                    <name>file-2067453371.xml</name>
                                </child>
                            </children>
                        </child>
                    </children>
                </child>
                <child is-file="true">
                    <name>file-2043089321.xml</name>
                </child>
            </children>
        </child>
        <child is-file="true">
            <name>file-1745889433.java</name>
        </child>
        <child is-file="false">
            <name>dir-1279058455</name>
            <children>
                <child is-file="false">
                    <name>dir-2122668542</name>
                    <children>
                        <child is-file="false">
                            <name>dir-1662621221</name>
                            <children>
                                <child is-file="true">
                                    <name>file-1549313341.xml</name>
                                </child>
                                <child is-file="true">
                                    <name>file-177366738.class</name>
                                </child>
                                <child is-file="true">
                                    <name>file-1209419809.class</name>
                                </child>
                                <child is-file="true">
                                    <name>file-1448572645.class</name>
                                </child>
                            </children>
                        </child>
                        <child is-file="false">
                            <name>dir-1081181857</name>
                            <children>
                                <child is-file="true">
                                    <name>file-1436735667.xml</name>
                                </child>
                                <child is-file="true">
                                    <name>file-2069320946.txt</name>
                                </child>
                                <child is-file="true">
                                    <name>file-1680055832.xhtml</name>
                                </child>
                                <child is-file="true">
                                    <name>file-1784581082.java</name>
                                </child>
                            </children>
                        </child>
                        <child is-file="false">
                            <name>dir-1412341758</name>
                            <children>
                                <child is-file="true">
                                    <name>file-1940873615.java</name>
                                </child>
                                <child is-file="true">
                                    <name>file-2078349019.class</name>
                                </child>
                                <child is-file="true">
                                    <name>file-494207159.xhtml</name>
                                </child>
                            </children>
                        </child>
                        <child is-file="true">
                            <name>file-1925561288.xml</name>
                        </child>
                        <child is-file="false">
                            <name>dir-1191219250</name>
                            <children>
                                <child is-file="true">
                                    <name>file-2014089101.java</name>
                                </child>
                                <child is-file="true">
                                    <name>file-1073285636.txt</name>
                                </child>
                                <child is-file="true">
                                    <name>file-217227558.java</name>
                                </child>
                                <child is-file="true">
                                    <name>file-1866550675.class</name>
                                </child>
                                <child is-file="true">
                                    <name>file-810649095.txt</name>
                                </child>
                            </children>
                        </child>
                        <child is-file="false">
                            <name>dir-950156782</name>
                            <children>
                                <child is-file="true">
                                    <name>file-1845275138.xhtml</name>
                                </child>
                                <child is-file="true">
                                    <name>file-1375282696.xml</name>
                                </child>
                                <child is-file="true">
                                    <name>file-49172166.class</name>
                                </child>
                                <child is-file="true">
                                    <name>file-70315630.class</name>
                                </child>
                                <child is-file="true">
                                    <name>file-2009693749.xhtml</name>
                                </child>
                                <child is-file="true">
                                    <name>file-271278181.java</name>
                                </child>
                            </children>
                        </child>
                        <child is-file="true">
                            <name>file-1535743534.xhtml</name>
                        </child>
                        <child is-file="true">
                            <name>file-1933185048.java</name>
                        </child>
                        <child is-file="true">
                            <name>file-968032075.xml</name>
                        </child>
                        <child is-file="false">
                            <name>dir-1609155433</name>
                            <children>
                                <child is-file="true">
                                    <name>file-1577881485.class</name>
                                </child>
                                <child is-file="true">
                                    <name>file-753924018.xml</name>
                                </child>
                                <child is-file="true">
                                    <name>file-1872659496.xml</name>
                                </child>
                                <child is-file="true">
                                    <name>file-850550583.java</name>
                                </child>
                            </children>
                        </child>
                    </children>
                </child>
                <child is-file="false">
                    <name>dir-905523581</name>
                    <children>
                        <child is-file="true">
                            <name>file-1076464340.xhtml</name>
                        </child>
                        <child is-file="false">
                            <name>dir-1747788240</name>
                            <children>
                                <child is-file="true">
                                    <name>file-78316828.txt</name>
                                </child>
                                <child is-file="true">
                                    <name>file-2032806653.class</name>
                                </child>
                                <child is-file="true">
                                    <name>file-972269187.class</name>
                                </child>
                                <child is-file="true">
                                    <name>file-428035373.class</name>
                                </child>
                                <child is-file="true">
                                    <name>file-1696388917.java</name>
                                </child>
                                <child is-file="true">
                                    <name>file-1251043073.java</name>
                                </child>
                            </children>
                        </child>
                        <child is-file="true">
                            <name>file-1424590347.java</name>
                        </child>
                        <child is-file="true">
                            <name>file-1096676286.xml</name>
                        </child>
                        <child is-file="true">
                            <name>file-817089113.xhtml</name>
                        </child>
                        <child is-file="true">
                            <name>file-2051387082.xhtml</name>
                        </child>
                        <child is-file="false">
                            <name>dir-83756297</name>
                            <children>
                                <child is-file="true">
                                    <name>file-1018032313.xml</name>
                                </child>
                                <child is-file="true">
                                    <name>file-435900732.xhtml</name>
                                </child>
                                <child is-file="true">
                                    <name>file-864533928.java</name>
                                </child>
                                <child is-file="true">
                                    <name>file-868021062.class</name>
                                </child>
                                <child is-file="true">
                                    <name>file-1381423524.xhtml</name>
                                </child>
                                <child is-file="true">
                                    <name>file-745813791.txt</name>
                                </child>
                            </children>
                        </child>
                        <child is-file="false">
                            <name>dir-253733274</name>
                            <children>
                                <child is-file="true">
                                    <name>file-1133763301.class</name>
                                </child>
                                <child is-file="true">
                                    <name>file-1488622846.txt</name>
                                </child>
                                <child is-file="true">
                                    <name>file-305859737.java</name>
                                </child>
                                <child is-file="true">
                                    <name>file-243471655.txt</name>
                                </child>
                                <child is-file="true">
                                    <name>file-1143544083.java</name>
                                </child>
                                <child is-file="true">
                                    <name>file-2062293959.xml</name>
                                </child>
                                <child is-file="true">
                                    <name>file-1827065686.xml</name>
                                </child>
                            </children>
                        </child>
                        <child is-file="false">
                            <name>dir-1284312566</name>
                            <children>
                                <child is-file="true">
                                    <name>file-1186017103.xhtml</name>
                                </child>
                                <child is-file="true">
                                    <name>file-470617188.java</name>
                                </child>
                                <child is-file="true">
                                    <name>file-599131199.java</name>
                                </child>
                                <child is-file="true">
                                    <name>file-780030017.xhtml</name>
                                </child>
                                <child is-file="true">
                                    <name>file-746339479.txt</name>
                                </child>
                                <child is-file="true">
                                    <name>file-719633991.xhtml</name>
                                </child>
                                <child is-file="true">
                                    <name>file-1590878321.xml</name>
                                </child>
                            </children>
                        </child>
                        <child is-file="false">
                            <name>dir-1319471544</name>
                            <children>
                                <child is-file="true">
                                    <name>file-109560822.java</name>
                                </child>
                                <child is-file="true">
                                    <name>file-1866836668.txt</name>
                                </child>
                            </children>
                        </child>
                    </children>
                </child>
                <child is-file="true">
                    <name>file-1540545392.java</name>
                </child>
                <child is-file="false">
                    <name>dir-806706127</name>
                    <children>
                        <child is-file="true">
                            <name>file-2037619999.xhtml</name>
                        </child>
                        <child is-file="false">
                            <name>dir-1533575289</name>
                            <children>
                                <child is-file="true">
                                    <name>file-335747966.java</name>
                                </child>
                                <child is-file="true">
                                    <name>file-1179718918.class</name>
                                </child>
                                <child is-file="true">
                                    <name>file-1993598773.java</name>
                                </child>
                                <child is-file="true">
                                    <name>file-528353763.xhtml</name>
                                </child>
                                <child is-file="true">
                                    <name>file-1923433366.class</name>
                                </child>
                                <child is-file="true">
                                    <name>file-396309405.java</name>
                                </child>
                            </children>
                        </child>
                        <child is-file="false">
                            <name>dir-400154241</name>
                            <children>
                                <child is-file="true">
                                    <name>file-1392194158.class</name>
                                </child>
                                <child is-file="true">
                                    <name>file-470723453.class</name>
                                </child>
                                <child is-file="true">
                                    <name>file-580119774.xml</name>
                                </child>
                                <child is-file="true">
                                    <name>file-1364171189.class</name>
                                </child>
                                <child is-file="true">
                                    <name>file-1214659448.xml</name>
                                </child>
                            </children>
                        </child>
                        <child is-file="true">
                            <name>file-1438542406.xml</name>
                        </child>
                        <child is-file="true">
                            <name>file-717310568.xml</name>
                        </child>
                        <child is-file="false">
                            <name>dir-1671956044</name>
                            <children>
                                <child is-file="true">
                                    <name>file-1419831050.class</name>
                                </child>
                                <child is-file="true">
                                    <name>file-2009137615.txt</name>
                                </child>
                                <child is-file="true">
                                    <name>file-1360599663.txt</name>
                                </child>
                                <child is-file="true">
                                    <name>file-1170298746.xml</name>
                                </child>
                                <child is-file="true">
                                    <name>file-645260312.java</name>
                                </child>
                                <child is-file="true">
                                    <name>file-437933938.xml</name>
                                </child>
                            </children>
                        </child>
                        <child is-file="false">
                            <name>dir-236426804</name>
                            <children>
                                <child is-file="true">
                                    <name>file-139561360.java</name>
                                </child>
                                <child is-file="true">
                                    <name>file-763520374.class</name>
                                </child>
                                <child is-file="true">
                                    <name>file-916398969.xml</name>
                                </child>
                                <child is-file="true">
                                    <name>file-1016882266.txt</name>
                                </child>
                                <child is-file="true">
                                    <name>file-391708457.java</name>
                                </child>
                                <child is-file="true">
                                    <name>file-601660892.txt</name>
                                </child>
                                <child is-file="true">
                                    <name>file-836220374.xhtml</name>
                                </child>
                                <child is-file="true">
                                    <name>file-177741009.xml</name>
                                </child>
                            </children>
                        </child>
                        <child is-file="false">
                            <name>dir-1361193127</name>
                            <children>
                                <child is-file="true">
                                    <name>file-230557926.xhtml</name>
                                </child>
                                <child is-file="true">
                                    <name>file-2122283034.java</name>
                                </child>
                                <child is-file="true">
                                    <name>file-1786987799.xml</name>
                                </child>
                                <child is-file="true">
                                    <name>file-198146165.class</name>
                                </child>
                                <child is-file="true">
                                    <name>file-1229650468.xml</name>
                                </child>
                                <child is-file="true">
                                    <name>file-340146784.class</name>
                                </child>
                                <child is-file="true">
                                    <name>file-1211096306.java</name>
                                </child>
                            </children>
                        </child>
                        <child is-file="false">
                            <name>dir-1153720111</name>
                            <children>
                                <child is-file="true">
                                    <name>file-1104643480.xml</name>
                                </child>
                                <child is-file="true">
                                    <name>file-7199360.xml</name>
                                </child>
                                <child is-file="true">
                                    <name>file-384796008.class</name>
                                </child>
                                <child is-file="true">
                                    <name>file-650567934.class</name>
                                </child>
                                <child is-file="true">
                                    <name>file-778217030.class</name>
                                </child>
                                <child is-file="true">
                                    <name>file-1830242134.xml</name>
                                </child>
                                <child is-file="true">
                                    <name>file-1178089520.xml</name>
                                </child>
                                <child is-file="true">
                                    <name>file-1895377242.java</name>
                                </child>
                            </children>
                        </child>
                        <child is-file="true">
                            <name>file-1284618138.java</name>
                        </child>
                    </children>
                </child>
                <child is-file="true">
                    <name>file-8819434.class</name>
                </child>
                <child is-file="true">
                    <name>file-1224322552.java</name>
                </child>
                <child is-file="true">
                    <name>file-996467295.class</name>
                </child>
                <child is-file="true">
                    <name>file-779427483.class</name>
                </child>
                <child is-file="true">
                    <name>file-135481666.xhtml</name>
                </child>
                <child is-file="false">
                    <name>dir-773501409</name>
                    <children>
                        <child is-file="true">
                            <name>file-1625385855.class</name>
                        </child>
                        <child is-file="true">
                            <name>file-668640574.java</name>
                        </child>
                        <child is-file="true">
                            <name>file-1126011931.xhtml</name>
                        </child>
                        <child is-file="true">
                            <name>file-1017852586.java</name>
                        </child>
                        <child is-file="false">
                            <name>dir-1961072087</name>
                            <children>
                                <child is-file="true">
                                    <name>file-1314079347.class</name>
                                </child>
                                <child is-file="true">
                                    <name>file-1682180151.java</name>
                                </child>
                                <child is-file="true">
                                    <name>file-774431116.txt</name>
                                </child>
                            </children>
                        </child>
                        <child is-file="false">
                            <name>dir-360430330</name>
                            <children>
                                <child is-file="true">
                                    <name>file-1807500559.java</name>
                                </child>
                                <child is-file="true">
                                    <name>file-439581435.java</name>
                                </child>
                                <child is-file="true">
                                    <name>file-1615760864.class</name>
                                </child>
                                <child is-file="true">
                                    <name>file-192683358.xml</name>
                                </child>
                                <child is-file="true">
                                    <name>file-2051991451.class</name>
                                </child>
                                <child is-file="true">
                                    <name>file-587649240.xhtml</name>
                                </child>
                            </children>
                        </child>
                        <child is-file="false">
                            <name>dir-1913940879</name>
                            <children>
                                <child is-file="true">
                                    <name>file-1325044902.class</name>
                                </child>
                                <child is-file="true">
                                    <name>file-597738589.java</name>
                                </child>
                                <child is-file="true">
                                    <name>file-1247761854.xhtml</name>
                                </child>
                                <child is-file="true">
                                    <name>file-1959394531.xhtml</name>
                                </child>
                                <child is-file="true">
                                    <name>file-905382075.class</name>
                                </child>
                            </children>
                        </child>
                        <child is-file="false">
                            <name>dir-1065803848</name>
                            <children>
                                <child is-file="true">
                                    <name>file-829851193.java</name>
                                </child>
                                <child is-file="true">
                                    <name>file-653769397.xhtml</name>
                                </child>
                                <child is-file="true">
                                    <name>file-1869553522.txt</name>
                                </child>
                                <child is-file="true">
                                    <name>file-1654754129.java</name>
                                </child>
                                <child is-file="true">
                                    <name>file-1985209827.txt</name>
                                </child>
                                <child is-file="true">
                                    <name>file-1540124834.java</name>
                                </child>
                                <child is-file="true">
                                    <name>file-139318099.java</name>
                                </child>
                            </children>
                        </child>
                        <child is-file="false">
                            <name>dir-379974774</name>
                            <children>
                                <child is-file="true">
                                    <name>file-397532900.txt</name>
                                </child>
                                <child is-file="true">
                                    <name>file-1149747389.xml</name>
                                </child>
                                <child is-file="true">
                                    <name>file-1455217728.txt</name>
                                </child>
                                <child is-file="true">
                                    <name>file-989283365.xml</name>
                                </child>
                                <child is-file="true">
                                    <name>file-568514548.xml</name>
                                </child>
                                <child is-file="true">
                                    <name>file-2113801589.java</name>
                                </child>
                            </children>
                        </child>
                        <child is-file="true">
                            <name>file-1551310816.xhtml</name>
                        </child>
                    </children>
                </child>
            </children>
        </child>
        <child is-file="false">
            <name>dir-448307493</name>
            <children>
                <child is-file="true">
                    <name>file-1688823251.class</name>
                </child>
                <child is-file="true">
                    <name>file-622467886.txt</name>
                </child>
                <child is-file="false">
                    <name>dir-1279542553</name>
                    <children>
                        <child is-file="true">
                            <name>file-645267825.java</name>
                        </child>
                        <child is-file="true">
                            <name>file-1637721208.xhtml</name>
                        </child>
                        <child is-file="true">
                            <name>file-1333110485.xhtml</name>
                        </child>
                        <child is-file="false">
                            <name>dir-748310442</name>
                            <children>
                                <child is-file="true">
                                    <name>file-1045683468.java</name>
                                </child>
                                <child is-file="true">
                                    <name>file-1492478810.xhtml</name>
                                </child>
                                <child is-file="true">
                                    <name>file-1218454909.class</name>
                                </child>
                                <child is-file="true">
                                    <name>file-721290567.xhtml</name>
                                </child>
                                <child is-file="true">
                                    <name>file-429696942.xhtml</name>
                                </child>
                            </children>
                        </child>
                        <child is-file="true">
                            <name>file-667685581.xhtml</name>
                        </child>
                        <child is-file="false">
                            <name>dir-238520607</name>
                            <children>
                                <child is-file="true">
                                    <name>file-1864199158.txt</name>
                                </child>
                                <child is-file="true">
                                    <name>file-953632914.txt</name>
                                </child>
                                <child is-file="true">
                                    <name>file-996299928.xml</name>
                                </child>
                                <child is-file="true">
                                    <name>file-1291645274.txt</name>
                                </child>
                                <child is-file="true">
                                    <name>file-1705996443.xml</name>
                                </child>
                                <child is-file="true">
                                    <name>file-76248393.xml</name>
                                </child>
                                <child is-file="true">
                                    <name>file-2137757044.xml</name>
                                </child>
                            </children>
                        </child>
                        <child is-file="true">
                            <name>file-1077821040.txt</name>
                        </child>
                        <child is-file="false">
                            <name>dir-1012576722</name>
                            <children>
                                <child is-file="true">
                                    <name>file-264928128.xhtml</name>
                                </child>
                                <child is-file="true">
                                    <name>file-1006753242.txt</name>
                                </child>
                                <child is-file="true">
                                    <name>file-761233277.xml</name>
                                </child>
                                <child is-file="true">
                                    <name>file-2115446522.txt</name>
                                </child>
                                <child is-file="true">
                                    <name>file-999646769.xhtml</name>
                                </child>
                                <child is-file="true">
                                    <name>file-797372685.java</name>
                                </child>
                            </children>
                        </child>
                        <child is-file="false">
                            <name>dir-1538355399</name>
                            <children>
                                <child is-file="true">
                                    <name>file-1017611497.xhtml</name>
                                </child>
                                <child is-file="true">
                                    <name>file-50479289.xhtml</name>
                                </child>
                                <child is-file="true">
                                    <name>file-1811438354.txt</name>
                                </child>
                                <child is-file="true">
                                    <name>file-31145443.java</name>
                                </child>
                            </children>
                        </child>
                        <child is-file="true">
                            <name>file-46787687.java</name>
                        </child>
                    </children>
                </child>
                <child is-file="true">
                    <name>file-1089464775.xhtml</name>
                </child>
                <child is-file="true">
                    <name>file-2135206940.java</name>
                </child>
                <child is-file="false">
                    <name>dir-1235278049</name>
                    <children>
                        <child is-file="false">
                            <name>dir-1631203327</name>
                            <children>
                                <child is-file="true">
                                    <name>file-1970663109.xml</name>
                                </child>
                                <child is-file="true">
                                    <name>file-1210426010.xml</name>
                                </child>
                                <child is-file="true">
                                    <name>file-2088064879.java</name>
                                </child>
                                <child is-file="true">
                                    <name>file-843415424.class</name>
                                </child>
                                <child is-file="true">
                                    <name>file-37894330.xhtml</name>
                                </child>
                            </children>
                        </child>
                        <child is-file="false">
                            <name>dir-1408959488</name>
                            <children>
                                <child is-file="true">
                                    <name>file-1309169346.txt</name>
                                </child>
                                <child is-file="true">
                                    <name>file-1197746017.class</name>
                                </child>
                                <child is-file="true">
                                    <name>file-662645211.txt</name>
                                </child>
                                <child is-file="true">
                                    <name>file-215925228.xhtml</name>
                                </child>
                                <child is-file="true">
                                    <name>file-488025879.txt</name>
                                </child>
                            </children>
                        </child>
                        <child is-file="false">
                            <name>dir-453494597</name>
                            <children>
                                <child is-file="true">
                                    <name>file-1017539369.txt</name>
                                </child>
                                <child is-file="true">
                                    <name>file-1311048390.txt</name>
                                </child>
                                <child is-file="true">
                                    <name>file-217228280.txt</name>
                                </child>
                                <child is-file="true">
                                    <name>file-1657396776.xhtml</name>
                                </child>
                                <child is-file="true">
                                    <name>file-1951655930.class</name>
                                </child>
                                <child is-file="true">
                                    <name>file-1485898519.class</name>
                                </child>
                                <child is-file="true">
                                    <name>file-2057308227.xhtml</name>
                                </child>
                            </children>
                        </child>
                        <child is-file="false">
                            <name>dir-1683691667</name>
                            <children>
                                <child is-file="true">
                                    <name>file-26633406.txt</name>
                                </child>
                                <child is-file="true">
                                    <name>file-485028563.xhtml</name>
                                </child>
                                <child is-file="true">
                                    <name>file-197732822.xhtml</name>
                                </child>
                                <child is-file="true">
                                    <name>file-1618593910.txt</name>
                                </child>
                                <child is-file="true">
                                    <name>file-728918970.xhtml</name>
                                </child>
                            </children>
                        </child>
                        <child is-file="true">
                            <name>file-1466946556.xhtml</name>
                        </child>
                        <child is-file="false">
                            <name>dir-782270336</name>
                            <children>
                                <child is-file="true">
                                    <name>file-839854636.txt</name>
                                </child>
                                <child is-file="true">
                                    <name>file-2123592297.xml</name>
                                </child>
                                <child is-file="true">
                                    <name>file-47690825.xml</name>
                                </child>
                                <child is-file="true">
                                    <name>file-786092871.xhtml</name>
                                </child>
                                <child is-file="true">
                                    <name>file-1159836435.txt</name>
                                </child>
                                <child is-file="true">
                                    <name>file-951635016.xml</name>
                                </child>
                            </children>
                        </child>
                        <child is-file="false">
                            <name>dir-1145434046</name>
                            <children>
                                <child is-file="true">
                                    <name>file-1532942215.xhtml</name>
                                </child>
                                <child is-file="true">
                                    <name>file-1966464998.xhtml</name>
                                </child>
                                <child is-file="true">
                                    <name>file-1014907541.class</name>
                                </child>
                                <child is-file="true">
                                    <name>file-1303531774.txt</name>
                                </child>
                                <child is-file="true">
                                    <name>file-118765209.xml</name>
                                </child>
                                <child is-file="true">
                                    <name>file-187743455.xml</name>
                                </child>
                            </children>
                        </child>
                        <child is-file="true">
                            <name>file-332048841.java</name>
                        </child>
                        <child is-file="true">
                            <name>file-938193748.java</name>
                        </child>
                        <child is-file="true">
                            <name>file-359634719.xml</name>
                        </child>
                    </children>
                </child>
                <child is-file="true">
                    <name>file-1078185759.class</name>
                </child>
                <child is-file="false">
                    <name>dir-1296958404</name>
                    <children>
                        <child is-file="false">
                            <name>dir-1984808915</name>
                            <children>
                                <child is-file="true">
                                    <name>file-418685187.xhtml</name>
                                </child>
                                <child is-file="true">
                                    <name>file-1958654253.txt</name>
                                </child>
                                <child is-file="true">
                                    <name>file-990960946.java</name>
                                </child>
                                <child is-file="true">
                                    <name>file-702939003.xml</name>
                                </child>
                            </children>
                        </child>
                        <child is-file="false">
                            <name>dir-1886482385</name>
                            <children>
                                <child is-file="true">
                                    <name>file-707607243.xhtml</name>
                                </child>
                                <child is-file="true">
                                    <name>file-1448209201.xml</name>
                                </child>
                                <child is-file="true">
                                    <name>file-626795435.java</name>
                                </child>
                                <child is-file="true">
                                    <name>file-1436275262.xml</name>
                                </child>
                                <child is-file="true">
                                    <name>file-588098347.java</name>
                                </child>
                                <child is-file="true">
                                    <name>file-1519729430.class</name>
                                </child>
                                <child is-file="true">
                                    <name>file-532720675.class</name>
                                </child>
                            </children>
                        </child>
                        <child is-file="true">
                            <name>file-742450340.java</name>
                        </child>
                        <child is-file="false">
                            <name>dir-33913193</name>
                            <children>
                                <child is-file="true">
                                    <name>file-1968705094.txt</name>
                                </child>
                                <child is-file="true">
                                    <name>file-1861406589.xhtml</name>
                                </child>
                                <child is-file="true">
                                    <name>file-1497577150.txt</name>
                                </child>
                                <child is-file="true">
                                    <name>file-1886508486.xml</name>
                                </child>
                                <child is-file="true">
                                    <name>file-873696368.xml</name>
                                </child>
                            </children>
                        </child>
                        <child is-file="true">
                            <name>file-1620984821.txt</name>
                        </child>
                        <child is-file="true">
                            <name>file-2017824512.xml</name>
                        </child>
                        <child is-file="true">
                            <name>file-1316174428.xhtml</name>
                        </child>
                        <child is-file="false">
                            <name>dir-2038688344</name>
                            <children>
                                <child is-file="true">
                                    <name>file-56570362.java</name>
                                </child>
                                <child is-file="true">
                                    <name>file-819215940.txt</name>
                                </child>
                                <child is-file="true">
                                    <name>file-1759260481.class</name>
                                </child>
                                <child is-file="true">
                                    <name>file-1310805920.java</name>
                                </child>
                                <child is-file="true">
                                    <name>file-300122752.class</name>
                                </child>
                                <child is-file="true">
                                    <name>file-1962004010.java</name>
                                </child>
                            </children>
                        </child>
                        <child is-file="false">
                            <name>dir-1906993379</name>
                            <children>
                                <child is-file="true">
                                    <name>file-1284509652.java</name>
                                </child>
                                <child is-file="true">
                                    <name>file-507152201.java</name>
                                </child>
                                <child is-file="true">
                                    <name>file-2145993873.xhtml</name>
                                </child>
                                <child is-file="true">
                                    <name>file-1181414613.txt</name>
                                </child>
                                <child is-file="true">
                                    <name>file-558059600.xml</name>
                                </child>
                                <child is-file="true">
                                    <name>file-811505302.txt</name>
                                </child>
                            </children>
                        </child>
                        <child is-file="true">
                            <name>file-906890632.java</name>
                        </child>
                    </children>
                </child>
                <child is-file="false">
                    <name>dir-2135609420</name>
                    <children>
                        <child is-file="true">
                            <name>file-1406541149.xml</name>
                        </child>
                        <child is-file="false">
                            <name>dir-1844667783</name>
                            <children>
                                <child is-file="true">
                                    <name>file-1703042956.xhtml</name>
                                </child>
                                <child is-file="true">
                                    <name>file-2013219910.xhtml</name>
                                </child>
                                <child is-file="true">
                                    <name>file-1622984612.xml</name>
                                </child>
                            </children>
                        </child>
                        <child is-file="true">
                            <name>file-994033231.class</name>
                        </child>
                        <child is-file="false">
                            <name>dir-358050267</name>
                            <children>
                                <child is-file="true">
                                    <name>file-706569180.java</name>
                                </child>
                                <child is-file="true">
                                    <name>file-1508922347.txt</name>
                                </child>
                                <child is-file="true">
                                    <name>file-1218327854.class</name>
                                </child>
                                <child is-file="true">
                                    <name>file-2037383526.xml</name>
                                </child>
                                <child is-file="true">
                                    <name>file-491645174.class</name>
                                </child>
                                <child is-file="true">
                                    <name>file-1930672509.class</name>
                                </child>
                                <child is-file="true">
                                    <name>file-1440180218.class</name>
                                </child>
                            </children>
                        </child>
                        <child is-file="true">
                            <name>file-631173794.xhtml</name>
                        </child>
                        <child is-file="true">
                            <name>file-1489896504.java</name>
                        </child>
                        <child is-file="false">
                            <name>dir-979732542</name>
                            <children>
                                <child is-file="true">
                                    <name>file-2027443210.xml</name>
                                </child>
                                <child is-file="true">
                                    <name>file-1402775231.class</name>
                                </child>
                                <child is-file="true">
                                    <name>file-2025819327.java</name>
                                </child>
                                <child is-file="true">
                                    <name>file-456415899.xml</name>
                                </child>
                                <child is-file="true">
                                    <name>file-1368130319.xml</name>
                                </child>
                                <child is-file="true">
                                    <name>file-244392094.txt</name>
                                </child>
                            </children>
                        </child>
                        <child is-file="true">
                            <name>file-1098953322.class</name>
                        </child>
                        <child is-file="false">
                            <name>dir-556523301</name>
                            <children>
                                <child is-file="true">
                                    <name>file-1115455267.class</name>
                                </child>
                                <child is-file="true">
                                    <name>file-1642830858.txt</name>
                                </child>
                                <child is-file="true">
                                    <name>file-2036835239.class</name>
                                </child>
                                <child is-file="true">
                                    <name>file-845903588.xml</name>
                                </child>
                                <child is-file="true">
                                    <name>file-653239372.xml</name>
                                </child>
                            </children>
                        </child>
                        <child is-file="false">
                            <name>dir-1243985178</name>
                            <children>
                                <child is-file="true">
                                    <name>file-1416588710.xhtml</name>
                                </child>
                                <child is-file="true">
                                    <name>file-1556030472.class</name>
                                </child>
                                <child is-file="true">
                                    <name>file-1364282348.class</name>
                                </child>
                                <child is-file="true">
                                    <name>file-1710833901.xml</name>
                                </child>
                                <child is-file="true">
                                    <name>file-1401530653.java</name>
                                </child>
                            </children>
                        </child>
                    </children>
                </child>
                <child is-file="false">
                    <name>dir-667798665</name>
                    <children>
                        <child is-file="false">
                            <name>dir-188082530</name>
                            <children>
                                <child is-file="true">
                                    <name>file-1528142341.java</name>
                                </child>
                                <child is-file="true">
                                    <name>file-1699356749.xhtml</name>
                                </child>
                                <child is-file="true">
                                    <name>file-2059292240.xml</name>
                                </child>
                                <child is-file="true">
                                    <name>file-2123365562.java</name>
                                </child>
                            </children>
                        </child>
                        <child is-file="true">
                            <name>file-802879371.xml</name>
                        </child>
                        <child is-file="false">
                            <name>dir-271840897</name>
                            <children>
                                <child is-file="true">
                                    <name>file-1531668130.xml</name>
                                </child>
                                <child is-file="true">
                                    <name>file-1396208057.txt</name>
                                </child>
                                <child is-file="true">
                                    <name>file-1289846020.java</name>
                                </child>
                                <child is-file="true">
                                    <name>file-1153794960.class</name>
                                </child>
                            </children>
                        </child>
                        <child is-file="true">
                            <name>file-509814096.java</name>
                        </child>
                        <child is-file="true">
                            <name>file-432408393.xhtml</name>
                        </child>
                        <child is-file="false">
                            <name>dir-1765405775</name>
                            <children>
                                <child is-file="true">
                                    <name>file-1555055760.class</name>
                                </child>
                                <child is-file="true">
                                    <name>file-1773200358.java</name>
                                </child>
                                <child is-file="true">
                                    <name>file-357573680.txt</name>
                                </child>
                                <child is-file="true">
                                    <name>file-952253469.xhtml</name>
                                </child>
                            </children>
                        </child>
                        <child is-file="false">
                            <name>dir-1811680207</name>
                            <children>
                                <child is-file="true">
                                    <name>file-375511541.txt</name>
                                </child>
                                <child is-file="true">
                                    <name>file-449069408.java</name>
                                </child>
                                <child is-file="true">
                                    <name>file-34418369.txt</name>
                                </child>
                                <child is-file="true">
                                    <name>file-1257164554.txt</name>
                                </child>
                            </children>
                        </child>
                        <child is-file="true">
                            <name>file-1486222810.xhtml</name>
                        </child>
                        <child is-file="false">
                            <name>dir-1085314799</name>
                            <children>
                                <child is-file="true">
                                    <name>file-1395235423.class</name>
                                </child>
                                <child is-file="true">
                                    <name>file-1025888428.class</name>
                                </child>
                                <child is-file="true">
                                    <name>file-600363425.java</name>
                                </child>
                                <child is-file="true">
                                    <name>file-1837529502.txt</name>
                                </child>
                                <child is-file="true">
                                    <name>file-1272044180.txt</name>
                                </child>
                            </children>
                        </child>
                        <child is-file="false">
                            <name>dir-932438385</name>
                            <children>
                                <child is-file="true">
                                    <name>file-1153217021.xml</name>
                                </child>
                                <child is-file="true">
                                    <name>file-1461324879.class</name>
                                </child>
                                <child is-file="true">
                                    <name>file-1484723993.xml</name>
                                </child>
                                <child is-file="true">
                                    <name>file-940232615.class</name>
                                </child>
                                <child is-file="true">
                                    <name>file-818588098.class</name>
                                </child>
                                <child is-file="true">
                                    <name>file-1434736781.java</name>
                                </child>
                            </children>
                        </child>
                    </children>
                </child>
            </children>
        </child>
        <child is-file="false">
            <name>dir-1637357383</name>
            <children>
                <child is-file="false">
                    <name>dir-1480204320</name>
                    <children>
                        <child is-file="true">
                            <name>file-350349501.xhtml</name>
                        </child>
                        <child is-file="false">
                            <name>dir-1020013577</name>
                            <children>
                                <child is-file="true">
                                    <name>file-607192327.txt</name>
                                </child>
                                <child is-file="true">
                                    <name>file-1762090424.txt</name>
                                </child>
                                <child is-file="true">
                                    <name>file-54815252.class</name>
                                </child>
                            </children>
                        </child>
                        <child is-file="true">
                            <name>file-847557724.class</name>
                        </child>
                        <child is-file="true">
                            <name>file-1874710368.java</name>
                        </child>
                        <child is-file="true">
                            <name>file-1956215789.java</name>
                        </child>
                        <child is-file="true">
                            <name>file-138084414.txt</name>
                        </child>
                        <child is-file="false">
                            <name>dir-868203587</name>
                            <children>
                                <child is-file="true">
                                    <name>file-188827258.java</name>
                                </child>
                                <child is-file="true">
                                    <name>file-865912787.xhtml</name>
                                </child>
                                <child is-file="true">
                                    <name>file-2032981661.xhtml</name>
                                </child>
                                <child is-file="true">
                                    <name>file-1788519325.class</name>
                                </child>
                                <child is-file="true">
                                    <name>file-214416456.java</name>
                                </child>
                            </children>
                        </child>
                        <child is-file="true">
                            <name>file-991854405.class</name>
                        </child>
                        <child is-file="false">
                            <name>dir-1498649711</name>
                            <children>
                                <child is-file="true">
                                    <name>file-1939541507.txt</name>
                                </child>
                                <child is-file="true">
                                    <name>file-692924212.xml</name>
                                </child>
                                <child is-file="true">
                                    <name>file-1074928806.xhtml</name>
                                </child>
                                <child is-file="true">
                                    <name>file-56687525.xml</name>
                                </child>
                                <child is-file="true">
                                    <name>file-469521604.xml</name>
                                </child>
                            </children>
                        </child>
                        <child is-file="true">
                            <name>file-1249645197.class</name>
                        </child>
                    </children>
                </child>
                <child is-file="false">
                    <name>dir-1778900460</name>
                    <children>
                        <child is-file="true">
                            <name>file-780556246.class</name>
                        </child>
                        <child is-file="false">
                            <name>dir-8613254</name>
                            <children>
                                <child is-file="true">
                                    <name>file-1529898236.txt</name>
                                </child>
                                <child is-file="true">
                                    <name>file-1218314453.class</name>
                                </child>
                            </children>
                        </child>
                        <child is-file="true">
                            <name>file-1465122243.txt</name>
                        </child>
                        <child is-file="true">
                            <name>file-424839266.java</name>
                        </child>
                        <child is-file="false">
                            <name>dir-1171010885</name>
                            <children>
                                <child is-file="true">
                                    <name>file-1982307700.xml</name>
                                </child>
                                <child is-file="true">
                                    <name>file-897826104.xhtml</name>
                                </child>
                                <child is-file="true">
                                    <name>file-2031063415.xhtml</name>
                                </child>
                                <child is-file="true">
                                    <name>file-1980451811.class</name>
                                </child>
                            </children>
                        </child>
                        <child is-file="true">
                            <name>file-1393818501.txt</name>
                        </child>
                        <child is-file="true">
                            <name>file-763049546.class</name>
                        </child>
                        <child is-file="false">
                            <name>dir-1215997778</name>
                            <children>
                                <child is-file="true">
                                    <name>file-556138025.xml</name>
                                </child>
                                <child is-file="true">
                                    <name>file-1219887215.xml</name>
                                </child>
                                <child is-file="true">
                                    <name>file-384949632.java</name>
                                </child>
                                <child is-file="true">
                                    <name>file-451625338.xml</name>
                                </child>
                                <child is-file="true">
                                    <name>file-1557894392.txt</name>
                                </child>
                                <child is-file="true">
                                    <name>file-1656627907.xhtml</name>
                                </child>
                                <child is-file="true">
                                    <name>file-333946581.class</name>
                                </child>
                            </children>
                        </child>
                        <child is-file="true">
                            <name>file-244331796.txt</name>
                        </child>
                        <child is-file="false">
                            <name>dir-2020728175</name>
                            <children>
                                <child is-file="true">
                                    <name>file-1633537720.xhtml</name>
                                </child>
                                <child is-file="true">
                                    <name>file-2111510420.xml</name>
                                </child>
                                <child is-file="true">
                                    <name>file-1402786364.java</name>
                                </child>
                                <child is-file="true">
                                    <name>file-2105947808.java</name>
                                </child>
                                <child is-file="true">
                                    <name>file-1030170311.xml</name>
                                </child>
                            </children>
                        </child>
                    </children>
                </child>
                <child is-file="false">
                    <name>dir-1905883065</name>
                    <children>
                        <child is-file="false">
                            <name>dir-1267588518</name>
                            <children>
                                <child is-file="true">
                                    <name>file-485461439.txt</name>
                                </child>
                                <child is-file="true">
                                    <name>file-656056476.xml</name>
                                </child>
                            </children>
                        </child>
                        <child is-file="true">
                            <name>file-1136355787.txt</name>
                        </child>
                        <child is-file="true">
                            <name>file-1751231539.class</name>
                        </child>
                        <child is-file="true">
                            <name>file-536950625.txt</name>
                        </child>
                        <child is-file="false">
                            <name>dir-1393407330</name>
                            <children>
                                <child is-file="true">
                                    <name>file-684017113.xhtml</name>
                                </child>
                                <child is-file="true">
                                    <name>file-542298519.xml</name>
                                </child>
                                <child is-file="true">
                                    <name>file-1307142266.xml</name>
                                </child>
                                <child is-file="true">
                                    <name>file-162830269.xhtml</name>
                                </child>
                                <child is-file="true">
                                    <name>file-1548723053.txt</name>
                                </child>
                                <child is-file="true">
                                    <name>file-2114326340.xhtml</name>
                                </child>
                                <child is-file="true">
                                    <name>file-1805098999.txt</name>
                                </child>
                            </children>
                        </child>
                        <child is-file="true">
                            <name>file-392522105.class</name>
                        </child>
                        <child is-file="true">
                            <name>file-1627318732.txt</name>
                        </child>
                        <child is-file="true">
                            <name>file-844196626.xhtml</name>
                        </child>
                        <child is-file="false">
                            <name>dir-1455228049</name>
                            <children>
                                <child is-file="true">
                                    <name>file-750232200.txt</name>
                                </child>
                                <child is-file="true">
                                    <name>file-1041977974.java</name>
                                </child>
                                <child is-file="true">
                                    <name>file-460301075.java</name>
                                </child>
                                <child is-file="true">
                                    <name>file-143847116.xml</name>
                                </child>
                                <child is-file="true">
                                    <name>file-168640972.class</name>
                                </child>
                                <child is-file="true">
                                    <name>file-2029061082.xml</name>
                                </child>
                                <child is-file="true">
                                    <name>file-1478438517.java</name>
                                </child>
                                <child is-file="true">
                                    <name>file-544732513.class</name>
                                </child>
                            </children>
                        </child>
                        <child is-file="true">
                            <name>file-1766515120.xml</name>
                        </child>
                    </children>
                </child>
                <child is-file="false">
                    <name>dir-1908577664</name>
                    <children>
                        <child is-file="false">
                            <name>dir-2068993905</name>
                            <children>
                                <child is-file="true">
                                    <name>file-887982571.xml</name>
                                </child>
                                <child is-file="true">
                                    <name>file-1891304041.xml</name>
                                </child>
                                <child is-file="true">
                                    <name>file-515280582.java</name>
                                </child>
                                <child is-file="true">
                                    <name>file-275803666.xhtml</name>
                                </child>
                                <child is-file="true">
                                    <name>file-1067381239.txt</name>
                                </child>
                                <child is-file="true">
                                    <name>file-632412069.xml</name>
                                </child>
                            </children>
                        </child>
                        <child is-file="false">
                            <name>dir-1308591329</name>
                            <children>
                                <child is-file="true">
                                    <name>file-1349829302.java</name>
                                </child>
                                <child is-file="true">
                                    <name>file-502204735.xhtml</name>
                                </child>
                                <child is-file="true">
                                    <name>file-1536960101.java</name>
                                </child>
                            </children>
                        </child>
                        <child is-file="true">
                            <name>file-1939505866.xml</name>
                        </child>
                        <child is-file="false">
                            <name>dir-1898206621</name>
                            <children>
                                <child is-file="true">
                                    <name>file-775639944.txt</name>
                                </child>
                                <child is-file="true">
                                    <name>file-135922147.xml</name>
                                </child>
                                <child is-file="true">
                                    <name>file-309018485.xml</name>
                                </child>
                                <child is-file="true">
                                    <name>file-544126234.txt</name>
                                </child>
                                <child is-file="true">
                                    <name>file-863142370.txt</name>
                                </child>
                                <child is-file="true">
                                    <name>file-1693396894.xml</name>
                                </child>
                                <child is-file="true">
                                    <name>file-987199486.java</name>
                                </child>
                            </children>
                        </child>
                        <child is-file="false">
                            <name>dir-217917584</name>
                            <children>
                                <child is-file="true">
                                    <name>file-1153599041.xml</name>
                                </child>
                                <child is-file="true">
                                    <name>file-287441023.xhtml</name>
                                </child>
                                <child is-file="true">
                                    <name>file-1914265199.xml</name>
                                </child>
                                <child is-file="true">
                                    <name>file-427773685.java</name>
                                </child>
                                <child is-file="true">
                                    <name>file-1953421605.class</name>
                                </child>
                            </children>
                        </child>
                        <child is-file="true">
                            <name>file-1893283176.xhtml</name>
                        </child>
                        <child is-file="false">
                            <name>dir-1549943218</name>
                            <children>
                                <child is-file="true">
                                    <name>file-1394616761.class</name>
                                </child>
                                <child is-file="true">
                                    <name>file-139662573.xhtml</name>
                                </child>
                                <child is-file="true">
                                    <name>file-847736461.xml</name>
                                </child>
                                <child is-file="true">
                                    <name>file-1092871142.class</name>
                                </child>
                                <child is-file="true">
                                    <name>file-622016379.txt</name>
                                </child>
                            </children>
                        </child>
                        <child is-file="false">
                            <name>dir-1494936918</name>
                            <children>
                                <child is-file="true">
                                    <name>file-38667286.txt</name>
                                </child>
                                <child is-file="true">
                                    <name>file-1369906868.class</name>
                                </child>
                            </children>
                        </child>
                        <child is-file="false">
                            <name>dir-1051739661</name>
                            <children>
                                <child is-file="true">
                                    <name>file-2033807691.class</name>
                                </child>
                                <child is-file="true">
                                    <name>file-1854655596.xml</name>
                                </child>
                                <child is-file="true">
                                    <name>file-1820616385.xhtml</name>
                                </child>
                            </children>
                        </child>
                        <child is-file="true">
                            <name>file-9448686.class</name>
                        </child>
                    </children>
                </child>
                <child is-file="false">
                    <name>dir-67399837</name>
                    <children>
                        <child is-file="false">
                            <name>dir-70594252</name>
                            <children>
                                <child is-file="true">
                                    <name>file-179960464.xml</name>
                                </child>
                                <child is-file="true">
                                    <name>file-752648736.txt</name>
                                </child>
                                <child is-file="true">
                                    <name>file-1840108680.xml</name>
                                </child>
                                <child is-file="true">
                                    <name>file-293039549.xhtml</name>
                                </child>
                                <child is-file="true">
                                    <name>file-1182803110.xhtml</name>
                                </child>
                                <child is-file="true">
                                    <name>file-985774150.java</name>
                                </child>
                            </children>
                        </child>
                        <child is-file="true">
                            <name>file-312350594.txt</name>
                        </child>
                        <child is-file="false">
                            <name>dir-99589900</name>
                            <children>
                                <child is-file="true">
                                    <name>file-766322345.xhtml</name>
                                </child>
                                <child is-file="true">
                                    <name>file-10406740.java</name>
                                </child>
                                <child is-file="true">
                                    <name>file-1831774994.class</name>
                                </child>
                                <child is-file="true">
                                    <name>file-1425261265.xml</name>
                                </child>
                                <child is-file="true">
                                    <name>file-1012466594.java</name>
                                </child>
                                <child is-file="true">
                                    <name>file-43699047.txt</name>
                                </child>
                            </children>
                        </child>
                        <child is-file="true">
                            <name>file-1873679969.txt</name>
                        </child>
                        <child is-file="true">
                            <name>file-477705178.class</name>
                        </child>
                        <child is-file="false">
                            <name>dir-863327759</name>
                            <children>
                                <child is-file="true">
                                    <name>file-998542475.class</name>
                                </child>
                                <child is-file="true">
                                    <name>file-1536897711.xhtml</name>
                                </child>
                                <child is-file="true">
                                    <name>file-1379423766.java</name>
                                </child>
                                <child is-file="true">
                                    <name>file-1946995109.xhtml</name>
                                </child>
                            </children>
                        </child>
                        <child is-file="true">
                            <name>file-1090738336.xml</name>
                        </child>
                        <child is-file="false">
                            <name>dir-2085126996</name>
                            <children>
                                <child is-file="true">
                                    <name>file-1859257047.java</name>
                                </child>
                                <child is-file="true">
                                    <name>file-1823411593.xhtml</name>
                                </child>
                            </children>
                        </child>
                        <child is-file="true">
                            <name>file-477279169.xml</name>
                        </child>
                        <child is-file="true">
                            <name>file-1114466280.xhtml</name>
                        </child>
                    </children>
                </child>
                <child is-file="true">
                    <name>file-1095896280.class</name>
                </child>
                <child is-file="true">
                    <name>file-264303651.txt</name>
                </child>
                <child is-file="false">
                    <name>dir-740182544</name>
                    <children>
                        <child is-file="true">
                            <name>file-1616220251.java</name>
                        </child>
                        <child is-file="true">
                            <name>file-26900613.txt</name>
                        </child>
                        <child is-file="true">
                            <name>file-1587519935.txt</name>
                        </child>
                        <child is-file="true">
                            <name>file-163536787.class</name>
                        </child>
                        <child is-file="true">
                            <name>file-472447598.xhtml</name>
                        </child>
                        <child is-file="true">
                            <name>file-600168842.xml</name>
                        </child>
                        <child is-file="true">
                            <name>file-1595247572.xml</name>
                        </child>
                        <child is-file="true">
                            <name>file-1571663246.txt</name>
                        </child>
                        <child is-file="false">
                            <name>dir-735358292</name>
                            <children>
                                <child is-file="true">
                                    <name>file-1394191154.class</name>
                                </child>
                                <child is-file="true">
                                    <name>file-1041637325.txt</name>
                                </child>
                                <child is-file="true">
                                    <name>file-881189133.xml</name>
                                </child>
                                <child is-file="true">
                                    <name>file-370893375.java</name>
                                </child>
                                <child is-file="true">
                                    <name>file-229329542.xhtml</name>
                                </child>
                                <child is-file="true">
                                    <name>file-2019819649.txt</name>
                                </child>
                                <child is-file="true">
                                    <name>file-747608229.class</name>
                                </child>
                                <child is-file="true">
                                    <name>file-701516470.xhtml</name>
                                </child>
                            </children>
                        </child>
                        <child is-file="true">
                            <name>file-1437276269.java</name>
                        </child>
                    </children>
                </child>
                <child is-file="true">
                    <name>file-1955391086.xhtml</name>
                </child>
                <child is-file="false">
                    <name>dir-2059175874</name>
                    <children>
                        <child is-file="true">
                            <name>file-2099457758.txt</name>
                        </child>
                        <child is-file="true">
                            <name>file-1460131852.java</name>
                        </child>
                        <child is-file="false">
                            <name>dir-866950197</name>
                            <children>
                                <child is-file="true">
                                    <name>file-1961911167.java</name>
                                </child>
                                <child is-file="true">
                                    <name>file-1589360949.txt</name>
                                </child>
                                <child is-file="true">
                                    <name>file-152508109.class</name>
                                </child>
                                <child is-file="true">
                                    <name>file-1415801073.xml</name>
                                </child>
                            </children>
                        </child>
                        <child is-file="false">
                            <name>dir-805574702</name>
                            <children>
                                <child is-file="true">
                                    <name>file-229455505.class</name>
                                </child>
                                <child is-file="true">
                                    <name>file-35188867.java</name>
                                </child>
                                <child is-file="true">
                                    <name>file-1944397078.class</name>
                                </child>
                                <child is-file="true">
                                    <name>file-1236154212.java</name>
                                </child>
                                <child is-file="true">
                                    <name>file-833486303.txt</name>
                                </child>
                                <child is-file="true">
                                    <name>file-39385345.xhtml</name>
                                </child>
                            </children>
                        </child>
                        <child is-file="true">
                            <name>file-666001403.java</name>
                        </child>
                        <child is-file="true">
                            <name>file-561704531.xhtml</name>
                        </child>
                        <child is-file="true">
                            <name>file-1623400779.java</name>
                        </child>
                        <child is-file="false">
                            <name>dir-1552270017</name>
                            <children>
                                <child is-file="true">
                                    <name>file-1380556098.java</name>
                                </child>
                                <child is-file="true">
                                    <name>file-1490140496.class</name>
                                </child>
                                <child is-file="true">
                                    <name>file-215876435.java</name>
                                </child>
                                <child is-file="true">
                                    <name>file-2043747174.java</name>
                                </child>
                                <child is-file="true">
                                    <name>file-377759521.class</name>
                                </child>
                            </children>
                        </child>
                        <child is-file="false">
                            <name>dir-1215967576</name>
                            <children>
                                <child is-file="true">
                                    <name>file-29142659.class</name>
                                </child>
                                <child is-file="true">
                                    <name>file-1110064171.txt</name>
                                </child>
                                <child is-file="true">
                                    <name>file-462260810.xml</name>
                                </child>
                                <child is-file="true">
                                    <name>file-154338190.xhtml</name>
                                </child>
                                <child is-file="true">
                                    <name>file-1457472868.txt</name>
                                </child>
                            </children>
                        </child>
                        <child is-file="true">
                            <name>file-241256550.class</name>
                        </child>
                    </children>
                </child>
            </children>
        </child>
        <child is-file="false">
            <name>dir-1683362684</name>
            <children>
                <child is-file="false">
                    <name>dir-59350935</name>
                    <children>
                        <child is-file="false">
                            <name>dir-1660423788</name>
                            <children>
                                <child is-file="true">
                                    <name>file-294184874.xhtml</name>
                                </child>
                                <child is-file="true">
                                    <name>file-44606388.txt</name>
                                </child>
                                <child is-file="true">
                                    <name>file-1896823653.class</name>
                                </child>
                            </children>
                        </child>
                        <child is-file="false">
                            <name>dir-1180118331</name>
                            <children>
                                <child is-file="true">
                                    <name>file-136107264.class</name>
                                </child>
                                <child is-file="true">
                                    <name>file-905356002.xml</name>
                                </child>
                                <child is-file="true">
                                    <name>file-1916001256.txt</name>
                                </child>
                                <child is-file="true">
                                    <name>file-1656350581.xml</name>
                                </child>
                            </children>
                        </child>
                        <child is-file="true">
                            <name>file-312696495.xhtml</name>
                        </child>
                        <child is-file="false">
                            <name>dir-784122595</name>
                            <children>
                                <child is-file="true">
                                    <name>file-91525581.xml</name>
                                </child>
                                <child is-file="true">
                                    <name>file-1924595490.txt</name>
                                </child>
                                <child is-file="true">
                                    <name>file-1868658296.txt</name>
                                </child>
                                <child is-file="true">
                                    <name>file-1751382536.txt</name>
                                </child>
                                <child is-file="true">
                                    <name>file-1846368682.xml</name>
                                </child>
                                <child is-file="true">
                                    <name>file-1965581673.txt</name>
                                </child>
                            </children>
                        </child>
                        <child is-file="false">
                            <name>dir-474733864</name>
                            <children>
                                <child is-file="true">
                                    <name>file-1305107588.class</name>
                                </child>
                                <child is-file="true">
                                    <name>file-1143409388.java</name>
                                </child>
                                <child is-file="true">
                                    <name>file-1752289218.java</name>
                                </child>
                                <child is-file="true">
                                    <name>file-1664471563.java</name>
                                </child>
                                <child is-file="true">
                                    <name>file-154417350.txt</name>
                                </child>
                            </children>
                        </child>
                        <child is-file="true">
                            <name>file-1619197992.xml</name>
                        </child>
                        <child is-file="true">
                            <name>file-1569461381.txt</name>
                        </child>
                        <child is-file="true">
                            <name>file-346313421.class</name>
                        </child>
                        <child is-file="false">
                            <name>dir-2034854949</name>
                            <children>
                                <child is-file="true">
                                    <name>file-616194433.class</name>
                                </child>
                                <child is-file="true">
                                    <name>file-755822087.xhtml</name>
                                </child>
                                <child is-file="true">
                                    <name>file-104032662.xml</name>
                                </child>
                                <child is-file="true">
                                    <name>file-1589355185.xml</name>
                                </child>
                                <child is-file="true">
                                    <name>file-2124712106.txt</name>
                                </child>
                            </children>
                        </child>
                        <child is-file="true">
                            <name>file-1300680927.xml</name>
                        </child>
                    </children>
                </child>
                <child is-file="true">
                    <name>file-369259884.java</name>
                </child>
                <child is-file="true">
                    <name>file-720452183.class</name>
                </child>
                <child is-file="true">
                    <name>file-1036558743.class</name>
                </child>
                <child is-file="false">
                    <name>dir-1853708403</name>
                    <children>
                        <child is-file="false">
                            <name>dir-1693140850</name>
                            <children>
                                <child is-file="true">
                                    <name>file-598651555.xhtml</name>
                                </child>
                                <child is-file="true">
                                    <name>file-925999079.class</name>
                                </child>
                                <child is-file="true">
                                    <name>file-25962305.txt</name>
                                </child>
                                <child is-file="true">
                                    <name>file-654654159.class</name>
                                </child>
                                <child is-file="true">
                                    <name>file-101000453.xml</name>
                                </child>
                            </children>
                        </child>
                        <child is-file="false">
                            <name>dir-1453822712</name>
                            <children>
                                <child is-file="true">
                                    <name>file-790055454.xml</name>
                                </child>
                                <child is-file="true">
                                    <name>file-456616806.xml</name>
                                </child>
                                <child is-file="true">
                                    <name>file-2068935271.java</name>
                                </child>
                                <child is-file="true">
                                    <name>file-41572219.xml</name>
                                </child>
                                <child is-file="true">
                                    <name>file-759606279.java</name>
                                </child>
                                <child is-file="true">
                                    <name>file-1213822628.java</name>
                                </child>
                                <child is-file="true">
                                    <name>file-2009468920.xhtml</name>
                                </child>
                            </children>
                        </child>
                        <child is-file="true">
                            <name>file-657989310.txt</name>
                        </child>
                        <child is-file="false">
                            <name>dir-1892348426</name>
                            <children>
                                <child is-file="true">
                                    <name>file-2047414435.xhtml</name>
                                </child>
                                <child is-file="true">
                                    <name>file-2109079943.java</name>
                                </child>
                                <child is-file="true">
                                    <name>file-847420131.java</name>
                                </child>
                            </children>
                        </child>
                        <child is-file="true">
                            <name>file-489344807.class</name>
                        </child>
                        <child is-file="false">
                            <name>dir-1039512578</name>
                            <children>
                                <child is-file="true">
                                    <name>file-503925501.xml</name>
                                </child>
                                <child is-file="true">
                                    <name>file-1838210314.xml</name>
                                </child>
                                <child is-file="true">
                                    <name>file-1216376737.java</name>
                                </child>
                            </children>
                        </child>
                        <child is-file="false">
                            <name>dir-1215518646</name>
                            <children>
                                <child is-file="true">
                                    <name>file-330565864.txt</name>
                                </child>
                                <child is-file="true">
                                    <name>file-614667931.java</name>
                                </child>
                                <child is-file="true">
                                    <name>file-63488665.class</name>
                                </child>
                                <child is-file="true">
                                    <name>file-1574833691.java</name>
                                </child>
                            </children>
                        </child>
                        <child is-file="true">
                            <name>file-1074214929.class</name>
                        </child>
                        <child is-file="true">
                            <name>file-1032601841.xhtml</name>
                        </child>
                        <child is-file="false">
                            <name>dir-456240990</name>
                            <children>
                                <child is-file="true">
                                    <name>file-779582017.xhtml</name>
                                </child>
                                <child is-file="true">
                                    <name>file-228231401.class</name>
                                </child>
                                <child is-file="true">
                                    <name>file-253628025.xml</name>
                                </child>
                                <child is-file="true">
                                    <name>file-405930197.txt</name>
                                </child>
                                <child is-file="true">
                                    <name>file-574296364.xml</name>
                                </child>
                                <child is-file="true">
                                    <name>file-230177063.txt</name>
                                </child>
                            </children>
                        </child>
                    </children>
                </child>
                <child is-file="false">
                    <name>dir-2010313411</name>
                    <children>
                        <child is-file="false">
                            <name>dir-1346432850</name>
                            <children>
                                <child is-file="true">
                                    <name>file-796474751.xml</name>
                                </child>
                                <child is-file="true">
                                    <name>file-1140076591.xml</name>
                                </child>
                                <child is-file="true">
                                    <name>file-1995551696.txt</name>
                                </child>
                                <child is-file="true">
                                    <name>file-840418253.txt</name>
                                </child>
                                <child is-file="true">
                                    <name>file-1431928940.xhtml</name>
                                </child>
                            </children>
                        </child>
                        <child is-file="true">
                            <name>file-2012979543.class</name>
                        </child>
                        <child is-file="true">
                            <name>file-390403811.class</name>
                        </child>
                        <child is-file="false">
                            <name>dir-59318193</name>
                            <children>
                                <child is-file="true">
                                    <name>file-226149844.txt</name>
                                </child>
                                <child is-file="true">
                                    <name>file-755240531.xhtml</name>
                                </child>
                            </children>
                        </child>
                        <child is-file="true">
                            <name>file-1120452830.xhtml</name>
                        </child>
                        <child is-file="false">
                            <name>dir-2095330223</name>
                            <children>
                                <child is-file="true">
                                    <name>file-676373767.txt</name>
                                </child>
                                <child is-file="true">
                                    <name>file-373175547.java</name>
                                </child>
                                <child is-file="true">
                                    <name>file-1139584678.class</name>
                                </child>
                                <child is-file="true">
                                    <name>file-920521882.class</name>
                                </child>
                                <child is-file="true">
                                    <name>file-215389071.xhtml</name>
                                </child>
                                <child is-file="true">
                                    <name>file-1998517284.xhtml</name>
                                </child>
                                <child is-file="true">
                                    <name>file-1286477958.class</name>
                                </child>
                                <child is-file="true">
                                    <name>file-2037292281.class</name>
                                </child>
                            </children>
                        </child>
                        <child is-file="false">
                            <name>dir-1535398666</name>
                            <children>
                                <child is-file="true">
                                    <name>file-1917363022.class</name>
                                </child>
                                <child is-file="true">
                                    <name>file-180816015.xml</name>
                                </child>
                                <child is-file="true">
                                    <name>file-160053657.java</name>
                                </child>
                                <child is-file="true">
                                    <name>file-1890774417.java</name>
                                </child>
                                <child is-file="true">
                                    <name>file-103337232.xhtml</name>
                                </child>
                                <child is-file="true">
                                    <name>file-1147309961.xhtml</name>
                                </child>
                                <child is-file="true">
                                    <name>file-1926995916.xhtml</name>
                                </child>
                            </children>
                        </child>
                        <child is-file="false">
                            <name>dir-4365604</name>
                            <children>
                                <child is-file="true">
                                    <name>file-1437211508.class</name>
                                </child>
                                <child is-file="true">
                                    <name>file-242996189.java</name>
                                </child>
                                <child is-file="true">
                                    <name>file-1921847486.xml</name>
                                </child>
                                <child is-file="true">
                                    <name>file-1532156072.txt</name>
                                </child>
                                <child is-file="true">
                                    <name>file-142172888.class</name>
                                </child>
                            </children>
                        </child>
                        <child is-file="true">
                            <name>file-1820774068.xhtml</name>
                        </child>
                        <child is-file="false">
                            <name>dir-1127518088</name>
                            <children>
                                <child is-file="true">
                                    <name>file-822703415.xhtml</name>
                                </child>
                                <child is-file="true">
                                    <name>file-486662454.class</name>
                                </child>
                                <child is-file="true">
                                    <name>file-78041992.txt</name>
                                </child>
                                <child is-file="true">
                                    <name>file-2064522159.class</name>
                                </child>
                                <child is-file="true">
                                    <name>file-260992667.xhtml</name>
                                </child>
                                <child is-file="true">
                                    <name>file-972509084.class</name>
                                </child>
                                <child is-file="true">
                                    <name>file-432581571.class</name>
                                </child>
                            </children>
                        </child>
                    </children>
                </child>
                <child is-file="true">
                    <name>file-791415177.txt</name>
                </child>
                <child is-file="false">
                    <name>dir-1310126409</name>
                    <children>
                        <child is-file="false">
                            <name>dir-580810725</name>
                            <children>
                                <child is-file="true">
                                    <name>file-80037481.txt</name>
                                </child>
                                <child is-file="true">
                                    <name>file-1038914360.txt</name>
                                </child>
                                <child is-file="true">
                                    <name>file-747328273.class</name>
                                </child>
                                <child is-file="true">
                                    <name>file-144830678.class</name>
                                </child>
                                <child is-file="true">
                                    <name>file-685669932.xhtml</name>
                                </child>
                            </children>
                        </child>
                        <child is-file="true">
                            <name>file-1315552750.xml</name>
                        </child>
                        <child is-file="true">
                            <name>file-904694759.xml</name>
                        </child>
                        <child is-file="true">
                            <name>file-841952749.xml</name>
                        </child>
                        <child is-file="false">
                            <name>dir-1660720997</name>
                            <children>
                                <child is-file="true">
                                    <name>file-1050367475.xml</name>
                                </child>
                                <child is-file="true">
                                    <name>file-713894033.java</name>
                                </child>
                                <child is-file="true">
                                    <name>file-610235551.xhtml</name>
                                </child>
                                <child is-file="true">
                                    <name>file-94404846.java</name>
                                </child>
                                <child is-file="true">
                                    <name>file-251582029.class</name>
                                </child>
                                <child is-file="true">
                                    <name>file-1026463182.class</name>
                                </child>
                            </children>
                        </child>
                        <child is-file="true">
                            <name>file-1514589485.xhtml</name>
                        </child>
                        <child is-file="true">
                            <name>file-234846542.java</name>
                        </child>
                        <child is-file="true">
                            <name>file-508279428.java</name>
                        </child>
                        <child is-file="true">
                            <name>file-880155398.class</name>
                        </child>
                        <child is-file="true">
                            <name>file-1242108196.xml</name>
                        </child>
                    </children>
                </child>
                <child is-file="false">
                    <name>dir-507551202</name>
                    <children>
                        <child is-file="true">
                            <name>file-1462101151.xml</name>
                        </child>
                        <child is-file="false">
                            <name>dir-623651058</name>
                            <children>
                                <child is-file="true">
                                    <name>file-731702619.class</name>
                                </child>
                                <child is-file="true">
                                    <name>file-1677009626.xml</name>
                                </child>
                                <child is-file="true">
                                    <name>file-374556315.xhtml</name>
                                </child>
                            </children>
                        </child>
                        <child is-file="false">
                            <name>dir-2046461559</name>
                            <children>
                                <child is-file="true">
                                    <name>file-1861147517.xhtml</name>
                                </child>
                                <child is-file="true">
                                    <name>file-1926279546.xml</name>
                                </child>
                                <child is-file="true">
                                    <name>file-1425334698.xhtml</name>
                                </child>
                                <child is-file="true">
                                    <name>file-744637498.class</name>
                                </child>
                                <child is-file="true">
                                    <name>file-644318759.class</name>
                                </child>
                                <child is-file="true">
                                    <name>file-1849015229.txt</name>
                                </child>
                                <child is-file="true">
                                    <name>file-102706792.xhtml</name>
                                </child>
                            </children>
                        </child>
                        <child is-file="false">
                            <name>dir-1188734785</name>
                            <children>
                                <child is-file="true">
                                    <name>file-650633632.xhtml</name>
                                </child>
                                <child is-file="true">
                                    <name>file-2107969243.xml</name>
                                </child>
                                <child is-file="true">
                                    <name>file-2131318553.class</name>
                                </child>
                                <child is-file="true">
                                    <name>file-861495198.txt</name>
                                </child>
                                <child is-file="true">
                                    <name>file-321196551.xml</name>
                                </child>
                            </children>
                        </child>
                        <child is-file="true">
                            <name>file-1398640813.class</name>
                        </child>
                        <child is-file="true">
                            <name>file-1165695026.txt</name>
                        </child>
                        <child is-file="true">
                            <name>file-1749414365.java</name>
                        </child>
                        <child is-file="false">
                            <name>dir-1239100664</name>
                            <children>
                                <child is-file="true">
                                    <name>file-111548812.class</name>
                                </child>
                            </children>
                        </child>
                        <child is-file="true">
                            <name>file-252895978.class</name>
                        </child>
                        <child is-file="true">
                            <name>file-478913893.class</name>
                        </child>
                    </children>
                </child>
                <child is-file="true">
                    <name>file-1468708372.java</name>
                </child>
            </children>
        </child>
        <child is-file="true">
            <name>file-889380292.txt</name>
        </child>
        <child is-file="false">
            <name>dir-721263753</name>
            <children>
                <child is-file="false">
                    <name>dir-1999119633</name>
                    <children>
                        <child is-file="false">
                            <name>dir-411136213</name>
                            <children>
                                <child is-file="true">
                                    <name>file-1609769532.xml</name>
                                </child>
                                <child is-file="true">
                                    <name>file-1559806545.class</name>
                                </child>
                                <child is-file="true">
                                    <name>file-678463309.xml</name>
                                </child>
                            </children>
                        </child>
                        <child is-file="false">
                            <name>dir-1413715587</name>
                            <children>
                                <child is-file="true">
                                    <name>file-779105081.java</name>
                                </child>
                                <child is-file="true">
                                    <name>file-1087389105.xml</name>
                                </child>
                                <child is-file="true">
                                    <name>file-1148829472.class</name>
                                </child>
                                <child is-file="true">
                                    <name>file-820657307.class</name>
                                </child>
                                <child is-file="true">
                                    <name>file-362008338.class</name>
                                </child>
                                <child is-file="true">
                                    <name>file-1718701695.xml</name>
                                </child>
                                <child is-file="true">
                                    <name>file-2137397969.class</name>
                                </child>
                            </children>
                        </child>
                        <child is-file="true">
                            <name>file-838291783.java</name>
                        </child>
                        <child is-file="false">
                            <name>dir-1300769606</name>
                            <children>
                                <child is-file="true">
                                    <name>file-1511232419.class</name>
                                </child>
                                <child is-file="true">
                                    <name>file-722701219.class</name>
                                </child>
                                <child is-file="true">
                                    <name>file-947450402.xml</name>
                                </child>
                                <child is-file="true">
                                    <name>file-1542692993.txt</name>
                                </child>
                            </children>
                        </child>
                        <child is-file="true">
                            <name>file-861522903.xhtml</name>
                        </child>
                        <child is-file="false">
                            <name>dir-1302447003</name>
                            <children>
                                <child is-file="true">
                                    <name>file-1155734660.xml</name>
                                </child>
                                <child is-file="true">
                                    <name>file-1485964357.class</name>
                                </child>
                                <child is-file="true">
                                    <name>file-1658702195.txt</name>
                                </child>
                                <child is-file="true">
                                    <name>file-997175981.java</name>
                                </child>
                                <child is-file="true">
                                    <name>file-777701633.xhtml</name>
                                </child>
                            </children>
                        </child>
                        <child is-file="true">
                            <name>file-674814288.java</name>
                        </child>
                        <child is-file="false">
                            <name>dir-294284756</name>
                            <children>
                                <child is-file="true">
                                    <name>file-1858570123.txt</name>
                                </child>
                                <child is-file="true">
                                    <name>file-1413640463.txt</name>
                                </child>
                                <child is-file="true">
                                    <name>file-1538628943.java</name>
                                </child>
                                <child is-file="true">
                                    <name>file-1001985780.xml</name>
                                </child>
                                <child is-file="true">
                                    <name>file-1058915363.xhtml</name>
                                </child>
                            </children>
                        </child>
                        <child is-file="true">
                            <name>file-1526681675.class</name>
                        </child>
                        <child is-file="false">
                            <name>dir-454039748</name>
                            <children>
                                <child is-file="true">
                                    <name>file-1819487030.txt</name>
                                </child>
                                <child is-file="true">
                                    <name>file-827970490.java</name>
                                </child>
                                <child is-file="true">
                                    <name>file-1776386079.xml</name>
                                </child>
                                <child is-file="true">
                                    <name>file-549915233.xhtml</name>
                                </child>
                            </children>
                        </child>
                    </children>
                </child>
                <child is-file="true">
                    <name>file-1261303157.txt</name>
                </child>
                <child is-file="false">
                    <name>dir-370811235</name>
                    <children>
                        <child is-file="true">
                            <name>file-623137115.java</name>
                        </child>
                        <child is-file="false">
                            <name>dir-1000233900</name>
                            <children>
                                <child is-file="true">
                                    <name>file-1187378738.xhtml</name>
                                </child>
                                <child is-file="true">
                                    <name>file-1230600611.class</name>
                                </child>
                                <child is-file="true">
                                    <name>file-608182202.xhtml</name>
                                </child>
                                <child is-file="true">
                                    <name>file-1627113897.xhtml</name>
                                </child>
                                <child is-file="true">
                                    <name>file-1438118636.xhtml</name>
                                </child>
                                <child is-file="true">
                                    <name>file-942721496.xml</name>
                                </child>
                            </children>
                        </child>
                        <child is-file="true">
                            <name>file-1644601699.xml</name>
                        </child>
                        <child is-file="false">
                            <name>dir-644849101</name>
                            <children>
                                <child is-file="true">
                                    <name>file-1701649053.java</name>
                                </child>
                                <child is-file="true">
                                    <name>file-1707027811.xhtml</name>
                                </child>
                                <child is-file="true">
                                    <name>file-713807.txt</name>
                                </child>
                                <child is-file="true">
                                    <name>file-1956364025.txt</name>
                                </child>
                                <child is-file="true">
                                    <name>file-442980456.xml</name>
                                </child>
                                <child is-file="true">
                                    <name>file-1692555840.class</name>
                                </child>
                                <child is-file="true">
                                    <name>file-1378790449.java</name>
                                </child>
                                <child is-file="true">
                                    <name>file-898789995.txt</name>
                                </child>
                            </children>
                        </child>
                        <child is-file="true">
                            <name>file-1755743828.xhtml</name>
                        </child>
                        <child is-file="true">
                            <name>file-193837252.txt</name>
                        </child>
                        <child is-file="true">
                            <name>file-2087910851.xhtml</name>
                        </child>
                        <child is-file="true">
                            <name>file-453640032.xhtml</name>
                        </child>
                        <child is-file="false">
                            <name>dir-649510208</name>
                            <children>
                                <child is-file="true">
                                    <name>file-548831878.class</name>
                                </child>
                                <child is-file="true">
                                    <name>file-938047073.java</name>
                                </child>
                                <child is-file="true">
                                    <name>file-623694536.txt</name>
                                </child>
                                <child is-file="true">
                                    <name>file-1371675391.class</name>
                                </child>
                            </children>
                        </child>
                        <child is-file="false">
                            <name>dir-992655337</name>
                            <children>
                                <child is-file="true">
                                    <name>file-803273575.txt</name>
                                </child>
                                <child is-file="true">
                                    <name>file-750440922.xml</name>
                                </child>
                                <child is-file="true">
                                    <name>file-1820017144.class</name>
                                </child>
                                <child is-file="true">
                                    <name>file-290412266.java</name>
                                </child>
                            </children>
                        </child>
                    </children>
                </child>
                <child is-file="true">
                    <name>file-2033711217.xhtml</name>
                </child>
                <child is-file="false">
                    <name>dir-927762094</name>
                    <children>
                        <child is-file="false">
                            <name>dir-650623392</name>
                            <children>
                                <child is-file="true">
                                    <name>file-1638088321.java</name>
                                </child>
                                <child is-file="true">
                                    <name>file-250494781.xhtml</name>
                                </child>
                                <child is-file="true">
                                    <name>file-1739814577.java</name>
                                </child>
                                <child is-file="true">
                                    <name>file-1068183242.class</name>
                                </child>
                                <child is-file="true">
                                    <name>file-321364302.txt</name>
                                </child>
                                <child is-file="true">
                                    <name>file-1209688140.xml</name>
                                </child>
                                <child is-file="true">
                                    <name>file-69441867.java</name>
                                </child>
                            </children>
                        </child>
                        <child is-file="false">
                            <name>dir-1438762882</name>
                            <children>
                                <child is-file="true">
                                    <name>file-1961663330.java</name>
                                </child>
                                <child is-file="true">
                                    <name>file-1536277663.txt</name>
                                </child>
                                <child is-file="true">
                                    <name>file-997870070.class</name>
                                </child>
                                <child is-file="true">
                                    <name>file-889793796.class</name>
                                </child>
                                <child is-file="true">
                                    <name>file-163469749.class</name>
                                </child>
                            </children>
                        </child>
                        <child is-file="true">
                            <name>file-1165796511.txt</name>
                        </child>
                        <child is-file="true">
                            <name>file-552897700.xml</name>
                        </child>
                        <child is-file="false">
                            <name>dir-262371936</name>
                            <children>
                                <child is-file="true">
                                    <name>file-2098047370.class</name>
                                </child>
                                <child is-file="true">
                                    <name>file-960999871.class</name>
                                </child>
                                <child is-file="true">
                                    <name>file-1277450901.xml</name>
                                </child>
                                <child is-file="true">
                                    <name>file-1370998915.xhtml</name>
                                </child>
                                <child is-file="true">
                                    <name>file-306674657.txt</name>
                                </child>
                            </children>
                        </child>
                        <child is-file="true">
                            <name>file-1869284189.xhtml</name>
                        </child>
                        <child is-file="false">
                            <name>dir-347378354</name>
                            <children>
                                <child is-file="true">
                                    <name>file-470974869.java</name>
                                </child>
                                <child is-file="true">
                                    <name>file-896074812.xhtml</name>
                                </child>
                                <child is-file="true">
                                    <name>file-514869799.txt</name>
                                </child>
                                <child is-file="true">
                                    <name>file-2101922405.txt</name>
                                </child>
                                <child is-file="true">
                                    <name>file-1058887520.xml</name>
                                </child>
                                <child is-file="true">
                                    <name>file-299920790.xml</name>
                                </child>
                                <child is-file="true">
                                    <name>file-1307665207.xml</name>
                                </child>
                            </children>
                        </child>
                        <child is-file="true">
                            <name>file-22662027.txt</name>
                        </child>
                        <child is-file="true">
                            <name>file-1781655379.java</name>
                        </child>
                        <child is-file="true">
                            <name>file-1458174397.xml</name>
                        </child>
                    </children>
                </child>
                <child is-file="false">
                    <name>dir-42966299</name>
                    <children>
                        <child is-file="false">
                            <name>dir-198256379</name>
                            <children>
                                <child is-file="true">
                                    <name>file-460283123.java</name>
                                </child>
                            </children>
                        </child>
                        <child is-file="false">
                            <name>dir-1755003715</name>
                            <children>
                                <child is-file="true">
                                    <name>file-477284549.xml</name>
                                </child>
                                <child is-file="true">
                                    <name>file-1212369647.xml</name>
                                </child>
                                <child is-file="true">
                                    <name>file-497696395.xml</name>
                                </child>
                            </children>
                        </child>
                        <child is-file="false">
                            <name>dir-1210516646</name>
                            <children>
                                <child is-file="true">
                                    <name>file-1631206900.xhtml</name>
                                </child>
                                <child is-file="true">
                                    <name>file-996013954.xml</name>
                                </child>
                                <child is-file="true">
                                    <name>file-1900816158.class</name>
                                </child>
                                <child is-file="true">
                                    <name>file-1325846338.class</name>
                                </child>
                            </children>
                        </child>
                        <child is-file="false">
                            <name>dir-936323917</name>
                            <children>
                                <child is-file="true">
                                    <name>file-1833847962.java</name>
                                </child>
                                <child is-file="true">
                                    <name>file-1475635835.txt</name>
                                </child>
                                <child is-file="true">
                                    <name>file-1847218655.java</name>
                                </child>
                                <child is-file="true">
                                    <name>file-1466345549.java</name>
                                </child>
                                <child is-file="true">
                                    <name>file-1994816334.class</name>
                                </child>
                                <child is-file="true">
                                    <name>file-754729335.java</name>
                                </child>
                            </children>
                        </child>
                        <child is-file="true">
                            <name>file-553823238.txt</name>
                        </child>
                        <child is-file="true">
                            <name>file-444909492.java</name>
                        </child>
                        <child is-file="true">
                            <name>file-1295108535.java</name>
                        </child>
                        <child is-file="true">
                            <name>file-5112121.java</name>
                        </child>
                        <child is-file="false">
                            <name>dir-783352533</name>
                            <children>
                                <child is-file="true">
                                    <name>file-208922211.xhtml</name>
                                </child>
                                <child is-file="true">
                                    <name>file-1431494003.xml</name>
                                </child>
                                <child is-file="true">
                                    <name>file-2122142065.txt</name>
                                </child>
                                <child is-file="true">
                                    <name>file-687540541.java</name>
                                </child>
                                <child is-file="true">
                                    <name>file-1127856021.class</name>
                                </child>
                            </children>
                        </child>
                        <child is-file="true">
                            <name>file-1252684063.txt</name>
                        </child>
                    </children>
                </child>
                <child is-file="false">
                    <name>dir-222029462</name>
                    <children>
                        <child is-file="true">
                            <name>file-241713490.txt</name>
                        </child>
                        <child is-file="true">
                            <name>file-960217524.xml</name>
                        </child>
                        <child is-file="false">
                            <name>dir-2115733763</name>
                            <children>
                                <child is-file="true">
                                    <name>file-2131167062.class</name>
                                </child>
                                <child is-file="true">
                                    <name>file-497719348.xhtml</name>
                                </child>
                                <child is-file="true">
                                    <name>file-720632915.txt</name>
                                </child>
                                <child is-file="true">
                                    <name>file-547231194.xhtml</name>
                                </child>
                            </children>
                        </child>
                        <child is-file="true">
                            <name>file-784646652.class</name>
                        </child>
                        <child is-file="false">
                            <name>dir-729815155</name>
                            <children>
                                <child is-file="true">
                                    <name>file-1818390385.txt</name>
                                </child>
                                <child is-file="true">
                                    <name>file-1421325393.xml</name>
                                </child>
                                <child is-file="true">
                                    <name>file-864445787.xml</name>
                                </child>
                                <child is-file="true">
                                    <name>file-1780411524.txt</name>
                                </child>
                                <child is-file="true">
                                    <name>file-61772729.class</name>
                                </child>
                                <child is-file="true">
                                    <name>file-177878169.txt</name>
                                </child>
                                <child is-file="true">
                                    <name>file-1285009418.class</name>
                                </child>
                            </children>
                        </child>
                        <child is-file="false">
                            <name>dir-1840221357</name>
                            <children>
                                <child is-file="true">
                                    <name>file-263835951.class</name>
                                </child>
                                <child is-file="true">
                                    <name>file-999881243.txt</name>
                                </child>
                                <child is-file="true">
                                    <name>file-1993741304.txt</name>
                                </child>
                                <child is-file="true">
                                    <name>file-1459342462.xml</name>
                                </child>
                            </children>
                        </child>
                        <child is-file="false">
                            <name>dir-1561944714</name>
                            <children>
                                <child is-file="true">
                                    <name>file-1863787424.txt</name>
                                </child>
                                <child is-file="true">
                                    <name>file-1031851559.java</name>
                                </child>
                            </children>
                        </child>
                        <child is-file="false">
                            <name>dir-1873315998</name>
                            <children>
                                <child is-file="true">
                                    <name>file-171167282.class</name>
                                </child>
                                <child is-file="true">
                                    <name>file-757886349.txt</name>
                                </child>
                                <child is-file="true">
                                    <name>file-524438312.java</name>
                                </child>
                                <child is-file="true">
                                    <name>file-23628051.xhtml</name>
                                </child>
                                <child is-file="true">
                                    <name>file-1737208618.txt</name>
                                </child>
                                <child is-file="true">
                                    <name>file-1580600748.java</name>
                                </child>
                            </children>
                        </child>
                        <child is-file="false">
                            <name>dir-2005354433</name>
                            <children>
                                <child is-file="true">
                                    <name>file-1739436824.txt</name>
                                </child>
                                <child is-file="true">
                                    <name>file-1258726688.txt</name>
                                </child>
                                <child is-file="true">
                                    <name>file-1275901028.xhtml</name>
                                </child>
                            </children>
                        </child>
                        <child is-file="true">
                            <name>file-9019301.xml</name>
                        </child>
                    </children>
                </child>
                <child is-file="false">
                    <name>dir-1835756977</name>
                    <children>
                        <child is-file="true">
                            <name>file-2105261732.java</name>
                        </child>
                        <child is-file="true">
                            <name>file-2090164359.xhtml</name>
                        </child>
                        <child is-file="false">
                            <name>dir-1406284017</name>
                            <children>
                                <child is-file="true">
                                    <name>file-953751795.java</name>
                                </child>
                                <child is-file="true">
                                    <name>file-2068559841.txt</name>
                                </child>
                                <child is-file="true">
                                    <name>file-843437199.java</name>
                                </child>
                                <child is-file="true">
                                    <name>file-138414848.java</name>
                                </child>
                                <child is-file="true">
                                    <name>file-1186224354.class</name>
                                </child>
                            </children>
                        </child>
                        <child is-file="false">
                            <name>dir-386780405</name>
                            <children>
                                <child is-file="true">
                                    <name>file-2112107555.java</name>
                                </child>
                                <child is-file="true">
                                    <name>file-282796671.xhtml</name>
                                </child>
                                <child is-file="true">
                                    <name>file-110031962.class</name>
                                </child>
                                <child is-file="true">
                                    <name>file-383345900.xml</name>
                                </child>
                                <child is-file="true">
                                    <name>file-1173975029.class</name>
                                </child>
                            </children>
                        </child>
                        <child is-file="true">
                            <name>file-1534981463.xhtml</name>
                        </child>
                        <child is-file="false">
                            <name>dir-1043624554</name>
                            <children>
                                <child is-file="true">
                                    <name>file-1401527457.class</name>
                                </child>
                                <child is-file="true">
                                    <name>file-53862216.class</name>
                                </child>
                                <child is-file="true">
                                    <name>file-734340604.java</name>
                                </child>
                                <child is-file="true">
                                    <name>file-534038267.txt</name>
                                </child>
                            </children>
                        </child>
                        <child is-file="true">
                            <name>file-798648047.java</name>
                        </child>
                        <child is-file="false">
                            <name>dir-841498075</name>
                            <children>
                                <child is-file="true">
                                    <name>file-1357658040.xml</name>
                                </child>
                                <child is-file="true">
                                    <name>file-1314412872.xhtml</name>
                                </child>
                            </children>
                        </child>
                        <child is-file="false">
                            <name>dir-1319051333</name>
                            <children>
                                <child is-file="true">
                                    <name>file-1263813984.xhtml</name>
                                </child>
                                <child is-file="true">
                                    <name>file-44940572.xhtml</name>
                                </child>
                                <child is-file="true">
                                    <name>file-969580917.java</name>
                                </child>
                                <child is-file="true">
                                    <name>file-783142175.xhtml</name>
                                </child>
                                <child is-file="true">
                                    <name>file-557312821.xhtml</name>
                                </child>
                                <child is-file="true">
                                    <name>file-950539071.txt</name>
                                </child>
                            </children>
                        </child>
                        <child is-file="true">
                            <name>file-81583496.java</name>
                        </child>
                    </children>
                </child>
                <child is-file="false">
                    <name>dir-1237117884</name>
                    <children>
                        <child is-file="true">
                            <name>file-1327449810.txt</name>
                        </child>
                        <child is-file="false">
                            <name>dir-1718978362</name>
                            <children>
                                <child is-file="true">
                                    <name>file-905759398.java</name>
                                </child>
                                <child is-file="true">
                                    <name>file-1480168216.class</name>
                                </child>
                                <child is-file="true">
                                    <name>file-1752606238.xhtml</name>
                                </child>
                                <child is-file="true">
                                    <name>file-593934738.java</name>
                                </child>
                                <child is-file="true">
                                    <name>file-1830270608.xhtml</name>
                                </child>
                                <child is-file="true">
                                    <name>file-1907327804.xhtml</name>
                                </child>
                            </children>
                        </child>
                        <child is-file="false">
                            <name>dir-1010003906</name>
                            <children>
                                <child is-file="true">
                                    <name>file-1208775365.txt</name>
                                </child>
                                <child is-file="true">
                                    <name>file-1252273826.class</name>
                                </child>
                                <child is-file="true">
                                    <name>file-1028764771.class</name>
                                </child>
                                <child is-file="true">
                                    <name>file-913954359.class</name>
                                </child>
                                <child is-file="true">
                                    <name>file-846002280.xml</name>
                                </child>
                            </children>
                        </child>
                        <child is-file="true">
                            <name>file-1102461596.class</name>
                        </child>
                        <child is-file="true">
                            <name>file-256207003.xml</name>
                        </child>
                        <child is-file="false">
                            <name>dir-54469373</name>
                            <children>
                                <child is-file="true">
                                    <name>file-674019651.java</name>
                                </child>
                                <child is-file="true">
                                    <name>file-1839262050.txt</name>
                                </child>
                                <child is-file="true">
                                    <name>file-1867902508.java</name>
                                </child>
                                <child is-file="true">
                                    <name>file-1432705961.java</name>
                                </child>
                                <child is-file="true">
                                    <name>file-351157234.txt</name>
                                </child>
                                <child is-file="true">
                                    <name>file-1607199685.xhtml</name>
                                </child>
                                <child is-file="true">
                                    <name>file-1051868721.class</name>
                                </child>
                            </children>
                        </child>
                        <child is-file="true">
                            <name>file-289231444.txt</name>
                        </child>
                        <child is-file="true">
                            <name>file-1831816814.xhtml</name>
                        </child>
                        <child is-file="false">
                            <name>dir-832139586</name>
                            <children>
                                <child is-file="true">
                                    <name>file-278959595.xml</name>
                                </child>
                            </children>
                        </child>
                        <child is-file="true">
                            <name>file-15315431.xhtml</name>
                        </child>
                    </children>
                </child>
                <child is-file="true">
                    <name>file-25645735.java</name>
                </child>
            </children>
        </child>
    </children>
</node>

